{'host': '0.0.0.0', 'port': 8080, 'event': 'application.startup', 'logger': '__main__', 'level': 'info', 'timestamp': '2025-08-27T08:17:13.443949Z'}
 * Debugger is active!
 * Debugger PIN: 485-094-488
{'event': 'index.accessed', 'logger': '__main__', 'level': 'info', 'timestamp': '2025-08-27T08:17:14.396512Z'}
127.0.0.1 - - [27/Aug/2025 08:17:14] "GET / HTTP/1.1" 200 -
{'event': 'index.accessed', 'logger': '__main__', 'level': 'info', 'timestamp': '2025-08-27T08:17:14.485748Z'}
127.0.0.1 - - [27/Aug/2025 08:17:14] "GET / HTTP/1.1" 200 -
{'event': 'index.accessed', 'logger': '__main__', 'level': 'info', 'timestamp': '2025-08-27T08:17:28.054152Z'}
127.0.0.1 - - [27/Aug/2025 08:17:28] "GET / HTTP/1.1" 200 -
{'event': 'index.accessed', 'logger': '__main__', 'level': 'info', 'timestamp': '2025-08-27T08:17:28.223004Z'}
127.0.0.1 - - [27/Aug/2025 08:17:28] "GET / HTTP/1.1" 200 -
{'event': 'resize_image_endpoint.start', 'logger': '__main__', 'level': 'info', 'timestamp': '2025-08-27T08:17:41.144108Z'}
{'filename': '11.jpg', 'size': 338337, 'event': 'resize_image_endpoint.file_read', 'logger': '__main__', 'level': 'info', 'timestamp': '2025-08-27T08:17:41.146757Z'}
{'new_size': 106619, 'event': 'resize_image_endpoint.resize_complete', 'logger': '__main__', 'level': 'info', 'timestamp': '2025-08-27T08:17:41.181555Z'}
127.0.0.1 - - [27/Aug/2025 08:17:41] "POST /resize HTTP/1.1" 200 -
{'event': 'generate_video.start', 'logger': '__main__', 'level': 'info', 'timestamp': '2025-08-27T08:18:02.900302Z'}
{'filename': '11', 'size': 338337, 'event': 'generate_video.file_read', 'logger': '__main__', 'level': 'info', 'timestamp': '2025-08-27T08:18:02.903810Z'}
{'task_id': 'ed575aa3-e2ef-4319-bdef-0a83107fb711', 'event': 'generate_video.task_created', 'logger': '__main__', 'level': 'info', 'timestamp': '2025-08-27T08:18:02.904151Z'}
{'task_id': 'ed575aa3-e2ef-4319-bdef-0a83107fb711', 'event': 'generate_video.image_prepared', 'logger': '__main__', 'level': 'info', 'timestamp': '2025-08-27T08:18:03.226014Z'}
{'project_id': 'nth-canyon-366512', 'location': 'us-central1', 'event': 'start_video_generation_job.start', 'logger': 'video_generator', 'level': 'info', 'timestamp': '2025-08-27T08:18:03.226470Z'}
{'error': '(\'Failed to retrieve http://metadata.google.internal/computeMetadata/v1/instance/service-accounts/default/token?scopes=https%3A%2F%2Fwww.googleapis.com%2Fauth%2Fcloud-platform from the Google Compute Engine metadata service. Status: 404 Response:\\nb\\\'"No service account scopes specified."\\\'\', <google.auth.transport.requests._Response object at 0x7f87246f4410>)', 'event': 'generate_video.start_error', 'logger': '__main__', 'level': 'error', 'timestamp': '2025-08-27T08:18:03.248012Z', 'exception': 'Traceback (most recent call last):\n  File "/usr/local/google/home/tonycarnal/git/videogenerator/.venv/lib/python3.13/site-packages/google/auth/compute_engine/credentials.py", line 128, in refresh\n    self.token, self.expiry = _metadata.get_service_account_token(\n                              ~~~~~~~~~~~~~~~~~~~~~~~~~~~~~~~~~~~^\n        request, service_account="default", scopes=scopes\n        ^^^^^^^^^^^^^^^^^^^^^^^^^^^^^^^^^^^^^^^^^^^^^^^^^\n    )\n    ^\n  File "/usr/local/google/home/tonycarnal/git/videogenerator/.venv/lib/python3.13/site-packages/google/auth/compute_engine/_metadata.py", line 375, in get_service_account_token\n    token_json = get(request, path, params=params, headers=metrics_header)\n  File "/usr/local/google/home/tonycarnal/git/videogenerator/.venv/lib/python3.13/site-packages/google/auth/compute_engine/_metadata.py", line 267, in get\n    raise exceptions.TransportError(\n    ...<5 lines>...\n    )\ngoogle.auth.exceptions.TransportError: (\'Failed to retrieve http://metadata.google.internal/computeMetadata/v1/instance/service-accounts/default/token?scopes=https%3A%2F%2Fwww.googleapis.com%2Fauth%2Fcloud-platform from the Google Compute Engine metadata service. Status: 404 Response:\\nb\\\'"No service account scopes specified."\\\'\', <google.auth.transport.requests._Response object at 0x7f87246f4410>)\n\nThe above exception was the direct cause of the following exception:\n\nTraceback (most recent call last):\n  File "/usr/local/google/home/tonycarnal/git/videogenerator/main.py", line 111, in generate_video_endpoint\n    operation_name, model_id = start_video_generation_job(\n                               ~~~~~~~~~~~~~~~~~~~~~~~~~~^\n        project_id=GCP_PROJECT_ID,\n        ^^^^^^^^^^^^^^^^^^^^^^^^^^\n    ...<2 lines>...\n        output_gcs_uri_prefix=f"gs://{GCS_BUCKET}"\n        ^^^^^^^^^^^^^^^^^^^^^^^^^^^^^^^^^^^^^^^^^^\n    )\n    ^\n  File "/usr/local/google/home/tonycarnal/git/videogenerator/video_generator.py", line 62, in start_video_generation_job\n    creds.refresh(auth_req)\n    ~~~~~~~~~~~~~^^^^^^^^^^\n  File "/usr/local/google/home/tonycarnal/git/videogenerator/.venv/lib/python3.13/site-packages/google/auth/compute_engine/credentials.py", line 133, in refresh\n    raise new_exc from caught_exc\ngoogle.auth.exceptions.RefreshError: (\'Failed to retrieve http://metadata.google.internal/computeMetadata/v1/instance/service-accounts/default/token?scopes=https%3A%2F%2Fwww.googleapis.com%2Fauth%2Fcloud-platform from the Google Compute Engine metadata service. Status: 404 Response:\\nb\\\'"No service account scopes specified."\\\'\', <google.auth.transport.requests._Response object at 0x7f87246f4410>)'}
127.0.0.1 - - [27/Aug/2025 08:18:03] "[35m[1mPOST /generate-video HTTP/1.1[0m" 500 -
127.0.0.1 - - [27/Aug/2025 08:18:03] "[31m[1mGET /generate-video HTTP/1.1[0m" 405 -
{'host': '0.0.0.0', 'port': 8080, 'event': 'application.startup', 'logger': '__main__', 'level': 'info', 'timestamp': '2025-08-27T09:57:06.935699Z'}
 * Debugger is active!
 * Debugger PIN: 485-094-488
{'event': 'index.accessed', 'logger': '__main__', 'level': 'info', 'timestamp': '2025-08-27T09:57:15.824530Z'}
127.0.0.1 - - [27/Aug/2025 09:57:15] "GET / HTTP/1.1" 200 -
{'event': 'index.accessed', 'logger': '__main__', 'level': 'info', 'timestamp': '2025-08-27T09:57:16.159216Z'}
127.0.0.1 - - [27/Aug/2025 09:57:16] "GET / HTTP/1.1" 200 -
{'event': 'generate_video.start', 'logger': '__main__', 'level': 'info', 'timestamp': '2025-08-27T09:57:26.696648Z'}
{'filename': '34', 'size': 309588, 'event': 'generate_video.file_read', 'logger': '__main__', 'level': 'info', 'timestamp': '2025-08-27T09:57:26.699043Z'}
{'task_id': '4f15e285-ba63-4741-a2e1-55edfff005ad', 'event': 'generate_video.task_created', 'logger': '__main__', 'level': 'info', 'timestamp': '2025-08-27T09:57:26.699260Z'}
{'task_id': '4f15e285-ba63-4741-a2e1-55edfff005ad', 'event': 'generate_video.image_prepared', 'logger': '__main__', 'level': 'info', 'timestamp': '2025-08-27T09:57:26.945134Z'}
{'project_id': 'veo-testing', 'location': 'us-central1', 'event': 'start_video_generation_job.start', 'logger': 'video_generator', 'level': 'info', 'timestamp': '2025-08-27T09:57:26.945545Z'}
{'model_id': 'veo-3.0-fast-generate-001', 'job_id': '765661e1-8e95-4128-a637-7a706ac381fb', 'output_uri': 'gs://tonytestveo/765661e1-8e95-4128-a637-7a706ac381fb/', 'event': 'start_video_generation_job.details', 'logger': 'video_generator', 'level': 'info', 'timestamp': '2025-08-27T09:57:27.920483Z'}
{'operation_name': 'projects/veo-testing/locations/us-central1/publishers/google/models/veo-3.0-fast-generate-001/operations/8e7a82b7-0918-43e9-af84-5a13e84734cc', 'event': 'start_video_generation_job.success', 'logger': 'video_generator', 'level': 'info', 'timestamp': '2025-08-27T09:57:29.186117Z'}
{'task_id': '4f15e285-ba63-4741-a2e1-55edfff005ad', 'operation_name': 'projects/veo-testing/locations/us-central1/publishers/google/models/veo-3.0-fast-generate-001/operations/8e7a82b7-0918-43e9-af84-5a13e84734cc', 'event': 'generate_video.job_started', 'logger': '__main__', 'level': 'info', 'timestamp': '2025-08-27T09:57:29.188750Z'}
127.0.0.1 - - [27/Aug/2025 09:57:29] "[32mPOST /generate-video HTTP/1.1[0m" 302 -
{'task_id': '4f15e285-ba63-4741-a2e1-55edfff005ad', 'event': 'video_result.accessed', 'logger': '__main__', 'level': 'info', 'timestamp': '2025-08-27T09:57:29.197090Z'}
127.0.0.1 - - [27/Aug/2025 09:57:29] "GET /video-result/4f15e285-ba63-4741-a2e1-55edfff005ad HTTP/1.1" 200 -
{'operation_name': 'projects/veo-testing/locations/us-central1/publishers/google/models/veo-3.0-fast-generate-001/operations/8e7a82b7-0918-43e9-af84-5a13e84734cc', 'event': 'poll_operation.start', 'logger': 'video_generator', 'level': 'info', 'timestamp': '2025-08-27T09:57:30.202028Z'}
{'operation_name': 'projects/veo-testing/locations/us-central1/publishers/google/models/veo-3.0-fast-generate-001/operations/8e7a82b7-0918-43e9-af84-5a13e84734cc', 'wait_seconds': 20, 'event': 'poll_operation.in_progress', 'logger': 'video_generator', 'level': 'info', 'timestamp': '2025-08-27T09:57:31.038453Z'}
{'operation_name': 'projects/veo-testing/locations/us-central1/publishers/google/models/veo-3.0-fast-generate-001/operations/8e7a82b7-0918-43e9-af84-5a13e84734cc', 'wait_seconds': 20, 'event': 'poll_operation.in_progress', 'logger': 'video_generator', 'level': 'info', 'timestamp': '2025-08-27T09:57:51.877384Z'}
{'operation_name': 'projects/veo-testing/locations/us-central1/publishers/google/models/veo-3.0-fast-generate-001/operations/8e7a82b7-0918-43e9-af84-5a13e84734cc', 'wait_seconds': 20, 'event': 'poll_operation.in_progress', 'logger': 'video_generator', 'level': 'info', 'timestamp': '2025-08-27T09:58:12.723376Z'}
{'operation_name': 'projects/veo-testing/locations/us-central1/publishers/google/models/veo-3.0-fast-generate-001/operations/8e7a82b7-0918-43e9-af84-5a13e84734cc', 'event': 'poll_operation.finished', 'logger': 'video_generator', 'level': 'info', 'timestamp': '2025-08-27T09:58:33.630893Z'}
{'task_id': '4f15e285-ba63-4741-a2e1-55edfff005ad', 'gcs_uri': 'gs://tonytestveo/765661e1-8e95-4128-a637-7a706ac381fb/7439344992807243582/sample_0.mp4', 'event': 'status_endpoint.veo_complete', 'logger': '__main__', 'level': 'info', 'timestamp': '2025-08-27T09:58:33.633250Z'}
{'gcs_uri': 'gs://tonytestveo/765661e1-8e95-4128-a637-7a706ac381fb/7439344992807243582/sample_0.mp4', 'target_aspect_ratio': 0.7, 'event': 'crop_video.start', 'logger': 'video_generator', 'level': 'info', 'timestamp': '2025-08-27T09:58:33.634367Z'}
{'gcs_uri': 'gs://tonytestveo/765661e1-8e95-4128-a637-7a706ac381fb/7439344992807243582/sample_0.mp4', 'local_path': '/tmp/tmpf5lpt_19.mp4', 'event': 'crop_video.downloading', 'logger': 'video_generator', 'level': 'info', 'timestamp': '2025-08-27T09:58:35.532658Z'}
{'dimensions': '1280x720', 'event': 'crop_video.video_loaded', 'logger': 'video_generator', 'level': 'info', 'timestamp': '2025-08-27T09:58:36.988200Z'}
{'new_dimensions': '503x720', 'event': 'crop_video.cropping', 'logger': 'video_generator', 'level': 'info', 'timestamp': '2025-08-27T09:58:36.988537Z'}
{'output_path': '/tmp/tmpfrj4p4i7_cropped.mp4', 'event': 'crop_video.writing_output', 'logger': 'video_generator', 'level': 'info', 'timestamp': '2025-08-27T09:58:36.989351Z'}
{'task_id': '4f15e285-ba63-4741-a2e1-55edfff005ad', 'error': '[Errno 32] Broken pipe\n\nMoviePy error: FFMPEG encountered the following error while writing file /tmp/tmpfrj4p4i7_cropped.mp4:\n\n b"Unknown encoder \'libx24\'\\n"\n\nThe video export failed because FFMPEG didn\'t find the specified codec for video encoding (libx24). Please install this codec or change the codec when calling write_videofile. For instance:\n  >>> clip.write_videofile(\'myvid.webm\', codec=\'libvpx\')', 'event': 'status_endpoint.processing_error', 'logger': '__main__', 'level': 'error', 'timestamp': '2025-08-27T09:58:37.013502Z', 'exception': 'Traceback (most recent call last):\n  File "/usr/local/google/home/tonycarnal/git/videogenerator/.venv/lib/python3.13/site-packages/moviepy/video/io/ffmpeg_writer.py", line 136, in write_frame\n    self.proc.stdin.write(img_array.tobytes())\n    ~~~~~~~~~~~~~~~~~~~~~^^^^^^^^^^^^^^^^^^^^^\nBrokenPipeError: [Errno 32] Broken pipe\n\nDuring handling of the above exception, another exception occurred:\n\nTraceback (most recent call last):\n  File "/usr/local/google/home/tonycarnal/git/videogenerator/main.py", line 169, in status_endpoint\n    cropped_video_path = crop_video_to_aspect_ratio(gcs_uri_16x9, task["original_aspect_ratio"])\n  File "/usr/local/google/home/tonycarnal/git/videogenerator/video_generator.py", line 138, in crop_video_to_aspect_ratio\n    cropped_clip.write_videofile(output_temp_file.name, codec="libx24", audio=False, logger=None)\n    ~~~~~~~~~~~~~~~~~~~~~~~~~~~~^^^^^^^^^^^^^^^^^^^^^^^^^^^^^^^^^^^^^^^^^^^^^^^^^^^^^^^^^^^^^^^^^\n  File "<decorator-gen-55>", line 2, in write_videofile\n  File "/usr/local/google/home/tonycarnal/git/videogenerator/.venv/lib/python3.13/site-packages/moviepy/decorators.py", line 54, in requires_duration\n    return f(clip, *a, **k)\n  File "<decorator-gen-54>", line 2, in write_videofile\n  File "/usr/local/google/home/tonycarnal/git/videogenerator/.venv/lib/python3.13/site-packages/moviepy/decorators.py", line 135, in use_clip_fps_by_default\n    return f(clip, *new_a, **new_kw)\n  File "<decorator-gen-53>", line 2, in write_videofile\n  File "/usr/local/google/home/tonycarnal/git/videogenerator/.venv/lib/python3.13/site-packages/moviepy/decorators.py", line 22, in convert_masks_to_RGB\n    return f(clip, *a, **k)\n  File "/usr/local/google/home/tonycarnal/git/videogenerator/.venv/lib/python3.13/site-packages/moviepy/video/VideoClip.py", line 300, in write_videofile\n    ffmpeg_write_video(self, filename, fps, codec,\n    ~~~~~~~~~~~~~~~~~~^^^^^^^^^^^^^^^^^^^^^^^^^^^^\n                       bitrate=bitrate,\n                       ^^^^^^^^^^^^^^^^\n    ...<4 lines>...\n                       ffmpeg_params=ffmpeg_params,\n                       ^^^^^^^^^^^^^^^^^^^^^^^^^^^^\n                       logger=logger)\n                       ^^^^^^^^^^^^^^\n  File "/usr/local/google/home/tonycarnal/git/videogenerator/.venv/lib/python3.13/site-packages/moviepy/video/io/ffmpeg_writer.py", line 228, in ffmpeg_write_video\n    writer.write_frame(frame)\n    ~~~~~~~~~~~~~~~~~~^^^^^^^\n  File "/usr/local/google/home/tonycarnal/git/videogenerator/.venv/lib/python3.13/site-packages/moviepy/video/io/ffmpeg_writer.py", line 180, in write_frame\n    raise IOError(error)\nOSError: [Errno 32] Broken pipe\n\nMoviePy error: FFMPEG encountered the following error while writing file /tmp/tmpfrj4p4i7_cropped.mp4:\n\n b"Unknown encoder \'libx24\'\\n"\n\nThe video export failed because FFMPEG didn\'t find the specified codec for video encoding (libx24). Please install this codec or change the codec when calling write_videofile. For instance:\n  >>> clip.write_videofile(\'myvid.webm\', codec=\'libvpx\')'}
127.0.0.1 - - [27/Aug/2025 09:58:37] "GET /status/4f15e285-ba63-4741-a2e1-55edfff005ad HTTP/1.1" 200 -
{'host': '0.0.0.0', 'port': 8080, 'event': 'application.startup', 'logger': '__main__', 'level': 'info', 'timestamp': '2025-08-27T10:00:07.842330Z'}
 * Debugger is active!
 * Debugger PIN: 485-094-488
{'event': 'index.accessed', 'logger': '__main__', 'level': 'info', 'timestamp': '2025-08-27T10:00:16.064798Z'}
127.0.0.1 - - [27/Aug/2025 10:00:16] "GET / HTTP/1.1" 200 -
{'event': 'index.accessed', 'logger': '__main__', 'level': 'info', 'timestamp': '2025-08-27T10:00:16.219659Z'}
127.0.0.1 - - [27/Aug/2025 10:00:16] "GET / HTTP/1.1" 200 -
{'event': 'generate_video.start', 'logger': '__main__', 'level': 'info', 'timestamp': '2025-08-27T10:00:26.220133Z'}
{'filename': '916', 'size': 359416, 'event': 'generate_video.file_read', 'logger': '__main__', 'level': 'info', 'timestamp': '2025-08-27T10:00:26.222930Z'}
{'task_id': '2ff6c1d6-3954-46aa-bc03-47b7577966a5', 'event': 'generate_video.task_created', 'logger': '__main__', 'level': 'info', 'timestamp': '2025-08-27T10:00:26.223221Z'}
{'task_id': '2ff6c1d6-3954-46aa-bc03-47b7577966a5', 'event': 'generate_video.image_prepared', 'logger': '__main__', 'level': 'info', 'timestamp': '2025-08-27T10:00:26.414291Z'}
{'project_id': 'veo-testing', 'location': 'us-central1', 'event': 'start_video_generation_job.start', 'logger': 'video_generator', 'level': 'info', 'timestamp': '2025-08-27T10:00:26.414698Z'}
{'model_id': 'veo-3.0-fast-generate-001', 'job_id': 'feabcdde-57e1-4634-acce-951a6479880f', 'output_uri': 'gs://tonytestveo/feabcdde-57e1-4634-acce-951a6479880f/', 'event': 'start_video_generation_job.details', 'logger': 'video_generator', 'level': 'info', 'timestamp': '2025-08-27T10:00:27.423428Z'}
{'operation_name': 'projects/veo-testing/locations/us-central1/publishers/google/models/veo-3.0-fast-generate-001/operations/9bf6193d-52ce-403e-b2c3-3224271dadac', 'event': 'start_video_generation_job.success', 'logger': 'video_generator', 'level': 'info', 'timestamp': '2025-08-27T10:00:28.768470Z'}
{'task_id': '2ff6c1d6-3954-46aa-bc03-47b7577966a5', 'operation_name': 'projects/veo-testing/locations/us-central1/publishers/google/models/veo-3.0-fast-generate-001/operations/9bf6193d-52ce-403e-b2c3-3224271dadac', 'event': 'generate_video.job_started', 'logger': '__main__', 'level': 'info', 'timestamp': '2025-08-27T10:00:28.771608Z'}
127.0.0.1 - - [27/Aug/2025 10:00:28] "[32mPOST /generate-video HTTP/1.1[0m" 302 -
{'task_id': '2ff6c1d6-3954-46aa-bc03-47b7577966a5', 'event': 'video_result.accessed', 'logger': '__main__', 'level': 'info', 'timestamp': '2025-08-27T10:00:28.778231Z'}
127.0.0.1 - - [27/Aug/2025 10:00:28] "GET /video-result/2ff6c1d6-3954-46aa-bc03-47b7577966a5 HTTP/1.1" 200 -
{'operation_name': 'projects/veo-testing/locations/us-central1/publishers/google/models/veo-3.0-fast-generate-001/operations/9bf6193d-52ce-403e-b2c3-3224271dadac', 'event': 'poll_operation.start', 'logger': 'video_generator', 'level': 'info', 'timestamp': '2025-08-27T10:00:29.811033Z'}
{'operation_name': 'projects/veo-testing/locations/us-central1/publishers/google/models/veo-3.0-fast-generate-001/operations/9bf6193d-52ce-403e-b2c3-3224271dadac', 'wait_seconds': 20, 'event': 'poll_operation.in_progress', 'logger': 'video_generator', 'level': 'info', 'timestamp': '2025-08-27T10:00:30.639432Z'}
{'operation_name': 'projects/veo-testing/locations/us-central1/publishers/google/models/veo-3.0-fast-generate-001/operations/9bf6193d-52ce-403e-b2c3-3224271dadac', 'wait_seconds': 20, 'event': 'poll_operation.in_progress', 'logger': 'video_generator', 'level': 'info', 'timestamp': '2025-08-27T10:00:51.512425Z'}
{'operation_name': 'projects/veo-testing/locations/us-central1/publishers/google/models/veo-3.0-fast-generate-001/operations/9bf6193d-52ce-403e-b2c3-3224271dadac', 'wait_seconds': 20, 'event': 'poll_operation.in_progress', 'logger': 'video_generator', 'level': 'info', 'timestamp': '2025-08-27T10:01:12.365876Z'}
{'operation_name': 'projects/veo-testing/locations/us-central1/publishers/google/models/veo-3.0-fast-generate-001/operations/9bf6193d-52ce-403e-b2c3-3224271dadac', 'event': 'poll_operation.finished', 'logger': 'video_generator', 'level': 'info', 'timestamp': '2025-08-27T10:01:33.224675Z'}
{'task_id': '2ff6c1d6-3954-46aa-bc03-47b7577966a5', 'gcs_uri': 'gs://tonytestveo/feabcdde-57e1-4634-acce-951a6479880f/6235289397795427324/sample_0.mp4', 'event': 'status_endpoint.veo_complete', 'logger': '__main__', 'level': 'info', 'timestamp': '2025-08-27T10:01:33.227597Z'}
{'gcs_uri': 'gs://tonytestveo/feabcdde-57e1-4634-acce-951a6479880f/6235289397795427324/sample_0.mp4', 'target_aspect_ratio': 0.5454545454545454, 'event': 'crop_video.start', 'logger': 'video_generator', 'level': 'info', 'timestamp': '2025-08-27T10:01:33.228789Z'}
{'gcs_uri': 'gs://tonytestveo/feabcdde-57e1-4634-acce-951a6479880f/6235289397795427324/sample_0.mp4', 'local_path': '/tmp/tmp_o_lpzzv.mp4', 'event': 'crop_video.downloading', 'logger': 'video_generator', 'level': 'info', 'timestamp': '2025-08-27T10:01:35.215388Z'}
{'dimensions': '1280x720', 'event': 'crop_video.video_loaded', 'logger': 'video_generator', 'level': 'info', 'timestamp': '2025-08-27T10:01:35.928680Z'}
{'new_dimensions': '392x720', 'event': 'crop_video.cropping', 'logger': 'video_generator', 'level': 'info', 'timestamp': '2025-08-27T10:01:35.929131Z'}
{'output_path': '/tmp/tmpztsry2ov_cropped.mp4', 'event': 'crop_video.writing_output', 'logger': 'video_generator', 'level': 'info', 'timestamp': '2025-08-27T10:01:35.930016Z'}
{'removed_file': '/tmp/tmp_o_lpzzv.mp4', 'event': 'crop_video.cleanup', 'logger': 'video_generator', 'level': 'info', 'timestamp': '2025-08-27T10:01:38.115266Z'}
{'task_id': '2ff6c1d6-3954-46aa-bc03-47b7577966a5', 'local_path': '/tmp/tmpztsry2ov_cropped.mp4', 'event': 'status_endpoint.crop_complete', 'logger': '__main__', 'level': 'info', 'timestamp': '2025-08-27T10:01:38.115958Z'}
{'local_path': '/tmp/tmpztsry2ov_cropped.mp4', 'bucket': 'tonytestveo', 'blob_name': 'final_videos/916_cropped_3746e5e3-7059-4b09-a9be-b7f400261bd2.mp4', 'event': 'upload_to_gcs.start', 'logger': 'video_generator', 'level': 'info', 'timestamp': '2025-08-27T10:01:38.116171Z'}
{'event': 'upload_to_gcs.file_uploaded', 'logger': 'video_generator', 'level': 'info', 'timestamp': '2025-08-27T10:01:40.847947Z'}
{'task_id': '2ff6c1d6-3954-46aa-bc03-47b7577966a5', 'error': '400 GET https://storage.googleapis.com/storage/v1/b/tonytestveo/o/final_videos%2F916_cropped_3746e5e3-7059-4b09-a9be-b7f400261bd2.mp4/acl?prettyPrint=false: Cannot get legacy ACL for an object when uniform bucket-level access is enabled. Read more at https://cloud.google.com/storage/docs/uniform-bucket-level-access', 'event': 'status_endpoint.processing_error', 'logger': '__main__', 'level': 'error', 'timestamp': '2025-08-27T10:01:41.075189Z', 'exception': 'Traceback (most recent call last):\n  File "/usr/local/google/home/tonycarnal/git/videogenerator/main.py", line 178, in status_endpoint\n    final_url = upload_to_gcs_and_get_url(\n        local_file_path=cropped_video_path,\n        gcs_bucket_name=GCS_BUCKET,\n        destination_blob_name=destination_blob_name\n    )\n  File "/usr/local/google/home/tonycarnal/git/videogenerator/video_generator.py", line 178, in upload_to_gcs_and_get_url\n    blob.make_public()\n    ~~~~~~~~~~~~~~~~^^\n  File "/usr/lib/python3.13/contextlib.py", line 85, in inner\n    return func(*args, **kwds)\n  File "/usr/local/google/home/tonycarnal/git/videogenerator/.venv/lib/python3.13/site-packages/google/cloud/storage/blob.py", line 3547, in make_public\n    self.acl.all().grant_read()\n    ~~~~~~~~~~~~^^\n  File "/usr/local/google/home/tonycarnal/git/videogenerator/.venv/lib/python3.13/site-packages/google/cloud/storage/acl.py", line 324, in all\n    return self.entity("allUsers")\n           ~~~~~~~~~~~^^^^^^^^^^^^\n  File "/usr/local/google/home/tonycarnal/git/videogenerator/.venv/lib/python3.13/site-packages/google/cloud/storage/acl.py", line 279, in entity\n    if self.has_entity(entity):\n       ~~~~~~~~~~~~~~~^^^^^^^^\n  File "/usr/local/google/home/tonycarnal/git/videogenerator/.venv/lib/python3.13/site-packages/google/cloud/storage/acl.py", line 230, in has_entity\n    self._ensure_loaded()\n    ~~~~~~~~~~~~~~~~~~~^^\n  File "/usr/local/google/home/tonycarnal/git/videogenerator/.venv/lib/python3.13/site-packages/google/cloud/storage/acl.py", line 157, in _ensure_loaded\n    self.reload(timeout=timeout)\n    ~~~~~~~~~~~^^^^^^^^^^^^^^^^^\n  File "/usr/lib/python3.13/contextlib.py", line 85, in inner\n    return func(*args, **kwds)\n  File "/usr/local/google/home/tonycarnal/git/videogenerator/.venv/lib/python3.13/site-packages/google/cloud/storage/acl.py", line 391, in reload\n    found = client._get_resource(\n        path,\n    ...<2 lines>...\n        retry=retry,\n    )\n  File "/usr/local/google/home/tonycarnal/git/videogenerator/.venv/lib/python3.13/site-packages/google/cloud/storage/client.py", line 474, in _get_resource\n    return self._connection.api_request(\n           ~~~~~~~~~~~~~~~~~~~~~~~~~~~~^\n        method="GET",\n        ^^^^^^^^^^^^^\n    ...<5 lines>...\n        _target_object=_target_object,\n        ^^^^^^^^^^^^^^^^^^^^^^^^^^^^^^\n    )\n    ^\n  File "/usr/local/google/home/tonycarnal/git/videogenerator/.venv/lib/python3.13/site-packages/google/cloud/storage/_http.py", line 90, in api_request\n    return call()\n  File "/usr/local/google/home/tonycarnal/git/videogenerator/.venv/lib/python3.13/site-packages/google/api_core/retry/retry_unary.py", line 294, in retry_wrapped_func\n    return retry_target(\n        target,\n    ...<3 lines>...\n        on_error=on_error,\n    )\n  File "/usr/local/google/home/tonycarnal/git/videogenerator/.venv/lib/python3.13/site-packages/google/api_core/retry/retry_unary.py", line 156, in retry_target\n    next_sleep = _retry_error_helper(\n        exc,\n    ...<6 lines>...\n        timeout,\n    )\n  File "/usr/local/google/home/tonycarnal/git/videogenerator/.venv/lib/python3.13/site-packages/google/api_core/retry/retry_base.py", line 214, in _retry_error_helper\n    raise final_exc from source_exc\n  File "/usr/local/google/home/tonycarnal/git/videogenerator/.venv/lib/python3.13/site-packages/google/api_core/retry/retry_unary.py", line 147, in retry_target\n    result = target()\n  File "/usr/local/google/home/tonycarnal/git/videogenerator/.venv/lib/python3.13/site-packages/google/cloud/_http/__init__.py", line 494, in api_request\n    raise exceptions.from_http_response(response)\ngoogle.api_core.exceptions.BadRequest: 400 GET https://storage.googleapis.com/storage/v1/b/tonytestveo/o/final_videos%2F916_cropped_3746e5e3-7059-4b09-a9be-b7f400261bd2.mp4/acl?prettyPrint=false: Cannot get legacy ACL for an object when uniform bucket-level access is enabled. Read more at https://cloud.google.com/storage/docs/uniform-bucket-level-access'}
127.0.0.1 - - [27/Aug/2025 10:01:41] "GET /status/2ff6c1d6-3954-46aa-bc03-47b7577966a5 HTTP/1.1" 200 -
{'host': '0.0.0.0', 'port': 8080, 'event': 'application.startup', 'logger': '__main__', 'level': 'info', 'timestamp': '2025-08-27T10:03:10.730118Z'}
 * Debugger is active!
 * Debugger PIN: 485-094-488
{'event': 'index.accessed', 'logger': '__main__', 'level': 'info', 'timestamp': '2025-08-27T10:03:23.841303Z'}
127.0.0.1 - - [27/Aug/2025 10:03:23] "GET / HTTP/1.1" 200 -
{'event': 'index.accessed', 'logger': '__main__', 'level': 'info', 'timestamp': '2025-08-27T10:03:24.011865Z'}
127.0.0.1 - - [27/Aug/2025 10:03:24] "GET / HTTP/1.1" 200 -
{'event': 'generate_video.start', 'logger': '__main__', 'level': 'info', 'timestamp': '2025-08-27T10:03:29.066231Z'}
{'filename': '916', 'size': 359416, 'event': 'generate_video.file_read', 'logger': '__main__', 'level': 'info', 'timestamp': '2025-08-27T10:03:29.069292Z'}
{'task_id': 'cb4e129e-bd0d-41c3-8737-1fabe8f28c0e', 'event': 'generate_video.task_created', 'logger': '__main__', 'level': 'info', 'timestamp': '2025-08-27T10:03:29.069611Z'}
{'task_id': 'cb4e129e-bd0d-41c3-8737-1fabe8f28c0e', 'event': 'generate_video.image_prepared', 'logger': '__main__', 'level': 'info', 'timestamp': '2025-08-27T10:03:29.265151Z'}
{'project_id': 'veo-testing', 'location': 'us-central1', 'event': 'start_video_generation_job.start', 'logger': 'video_generator', 'level': 'info', 'timestamp': '2025-08-27T10:03:29.265597Z'}
{'model_id': 'veo-3.0-fast-generate-001', 'job_id': '609007b3-831a-4510-8d93-f0fbde408765', 'output_uri': 'gs://tonytestveo/609007b3-831a-4510-8d93-f0fbde408765/', 'event': 'start_video_generation_job.details', 'logger': 'video_generator', 'level': 'info', 'timestamp': '2025-08-27T10:03:30.262333Z'}
{'operation_name': 'projects/veo-testing/locations/us-central1/publishers/google/models/veo-3.0-fast-generate-001/operations/060907f0-f5dc-4cce-a437-fc0b74039961', 'event': 'start_video_generation_job.success', 'logger': 'video_generator', 'level': 'info', 'timestamp': '2025-08-27T10:03:31.597848Z'}
{'task_id': 'cb4e129e-bd0d-41c3-8737-1fabe8f28c0e', 'operation_name': 'projects/veo-testing/locations/us-central1/publishers/google/models/veo-3.0-fast-generate-001/operations/060907f0-f5dc-4cce-a437-fc0b74039961', 'event': 'generate_video.job_started', 'logger': '__main__', 'level': 'info', 'timestamp': '2025-08-27T10:03:31.601727Z'}
127.0.0.1 - - [27/Aug/2025 10:03:31] "[32mPOST /generate-video HTTP/1.1[0m" 302 -
{'task_id': 'cb4e129e-bd0d-41c3-8737-1fabe8f28c0e', 'event': 'video_result.accessed', 'logger': '__main__', 'level': 'info', 'timestamp': '2025-08-27T10:03:31.607815Z'}
127.0.0.1 - - [27/Aug/2025 10:03:31] "GET /video-result/cb4e129e-bd0d-41c3-8737-1fabe8f28c0e HTTP/1.1" 200 -
{'operation_name': 'projects/veo-testing/locations/us-central1/publishers/google/models/veo-3.0-fast-generate-001/operations/060907f0-f5dc-4cce-a437-fc0b74039961', 'event': 'poll_operation.start', 'logger': 'video_generator', 'level': 'info', 'timestamp': '2025-08-27T10:03:32.713535Z'}
{'operation_name': 'projects/veo-testing/locations/us-central1/publishers/google/models/veo-3.0-fast-generate-001/operations/060907f0-f5dc-4cce-a437-fc0b74039961', 'wait_seconds': 20, 'event': 'poll_operation.in_progress', 'logger': 'video_generator', 'level': 'info', 'timestamp': '2025-08-27T10:03:33.570177Z'}
{'operation_name': 'projects/veo-testing/locations/us-central1/publishers/google/models/veo-3.0-fast-generate-001/operations/060907f0-f5dc-4cce-a437-fc0b74039961', 'wait_seconds': 20, 'event': 'poll_operation.in_progress', 'logger': 'video_generator', 'level': 'info', 'timestamp': '2025-08-27T10:03:54.459131Z'}
{'operation_name': 'projects/veo-testing/locations/us-central1/publishers/google/models/veo-3.0-fast-generate-001/operations/060907f0-f5dc-4cce-a437-fc0b74039961', 'wait_seconds': 20, 'event': 'poll_operation.in_progress', 'logger': 'video_generator', 'level': 'info', 'timestamp': '2025-08-27T10:04:15.384175Z'}
{'operation_name': 'projects/veo-testing/locations/us-central1/publishers/google/models/veo-3.0-fast-generate-001/operations/060907f0-f5dc-4cce-a437-fc0b74039961', 'event': 'poll_operation.finished', 'logger': 'video_generator', 'level': 'info', 'timestamp': '2025-08-27T10:04:36.235984Z'}
{'task_id': 'cb4e129e-bd0d-41c3-8737-1fabe8f28c0e', 'gcs_uri': 'gs://tonytestveo/609007b3-831a-4510-8d93-f0fbde408765/10380369226220552742/sample_0.mp4', 'event': 'status_endpoint.veo_complete', 'logger': '__main__', 'level': 'info', 'timestamp': '2025-08-27T10:04:36.239666Z'}
{'gcs_uri': 'gs://tonytestveo/609007b3-831a-4510-8d93-f0fbde408765/10380369226220552742/sample_0.mp4', 'target_aspect_ratio': 0.5454545454545454, 'event': 'crop_video.start', 'logger': 'video_generator', 'level': 'info', 'timestamp': '2025-08-27T10:04:36.240579Z'}
{'gcs_uri': 'gs://tonytestveo/609007b3-831a-4510-8d93-f0fbde408765/10380369226220552742/sample_0.mp4', 'local_path': '/tmp/tmp1dkfww8s.mp4', 'event': 'crop_video.downloading', 'logger': 'video_generator', 'level': 'info', 'timestamp': '2025-08-27T10:04:38.309412Z'}
{'dimensions': '1280x720', 'event': 'crop_video.video_loaded', 'logger': 'video_generator', 'level': 'info', 'timestamp': '2025-08-27T10:04:39.230496Z'}
{'new_dimensions': '392x720', 'event': 'crop_video.cropping', 'logger': 'video_generator', 'level': 'info', 'timestamp': '2025-08-27T10:04:39.230809Z'}
{'output_path': '/tmp/tmpwsfnglse_cropped.mp4', 'event': 'crop_video.writing_output', 'logger': 'video_generator', 'level': 'info', 'timestamp': '2025-08-27T10:04:39.231496Z'}
{'removed_file': '/tmp/tmp1dkfww8s.mp4', 'event': 'crop_video.cleanup', 'logger': 'video_generator', 'level': 'info', 'timestamp': '2025-08-27T10:04:41.623247Z'}
{'task_id': 'cb4e129e-bd0d-41c3-8737-1fabe8f28c0e', 'local_path': '/tmp/tmpwsfnglse_cropped.mp4', 'event': 'status_endpoint.crop_complete', 'logger': '__main__', 'level': 'info', 'timestamp': '2025-08-27T10:04:41.624884Z'}
{'local_path': '/tmp/tmpwsfnglse_cropped.mp4', 'bucket': 'tonytestveo', 'blob_name': 'final_videos/916_cropped_37c2813c-7e75-4060-a78e-dd4c14d8c9ee.mp4', 'event': 'upload_to_gcs.start', 'logger': 'video_generator', 'level': 'info', 'timestamp': '2025-08-27T10:04:41.625486Z'}
{'event': 'upload_to_gcs.file_uploaded', 'logger': 'video_generator', 'level': 'info', 'timestamp': '2025-08-27T10:04:44.867281Z'}
{'removed_file': '/tmp/tmpwsfnglse_cropped.mp4', 'event': 'upload_to_gcs.cleanup', 'logger': 'video_generator', 'level': 'info', 'timestamp': '2025-08-27T10:04:44.867798Z'}
{'task_id': 'cb4e129e-bd0d-41c3-8737-1fabe8f28c0e', 'final_url': 'https://storage.googleapis.com/tonytestveo/final_videos/916_cropped_37c2813c-7e75-4060-a78e-dd4c14d8c9ee.mp4', 'event': 'status_endpoint.upload_complete', 'logger': '__main__', 'level': 'info', 'timestamp': '2025-08-27T10:04:44.867980Z'}
127.0.0.1 - - [27/Aug/2025 10:04:44] "GET /status/cb4e129e-bd0d-41c3-8737-1fabe8f28c0e HTTP/1.1" 200 -
{'host': '0.0.0.0', 'port': 8080, 'event': 'application.startup', 'logger': '__main__', 'level': 'info', 'timestamp': '2025-08-27T10:07:51.105934Z'}
 * Debugger is active!
 * Debugger PIN: 485-094-488
{'event': 'index.accessed', 'logger': '__main__', 'level': 'info', 'timestamp': '2025-08-27T10:08:16.623031Z'}
127.0.0.1 - - [27/Aug/2025 10:08:16] "GET / HTTP/1.1" 200 -
{'event': 'index.accessed', 'logger': '__main__', 'level': 'info', 'timestamp': '2025-08-27T10:08:16.734215Z'}
127.0.0.1 - - [27/Aug/2025 10:08:16] "GET / HTTP/1.1" 200 -
{'event': 'generate_video.start', 'logger': '__main__', 'level': 'info', 'timestamp': '2025-08-27T10:08:32.765368Z'}
{'filename': '916', 'size': 359416, 'event': 'generate_video.file_read', 'logger': '__main__', 'level': 'info', 'timestamp': '2025-08-27T10:08:32.768408Z'}
{'task_id': '50e70984-fac5-4ce4-9d96-76c882ee4df5', 'event': 'generate_video.task_created', 'logger': '__main__', 'level': 'info', 'timestamp': '2025-08-27T10:08:32.768730Z'}
{'task_id': '50e70984-fac5-4ce4-9d96-76c882ee4df5', 'event': 'generate_video.image_prepared', 'logger': '__main__', 'level': 'info', 'timestamp': '2025-08-27T10:08:32.965766Z'}
{'project_id': 'veo-testing', 'location': 'us-central1', 'event': 'start_video_generation_job.start', 'logger': 'video_generator', 'level': 'info', 'timestamp': '2025-08-27T10:08:32.966176Z'}
{'model_id': 'veo-3.0-fast-generate-001', 'job_id': '7ff82df8-96a9-429d-8b42-770d398d803a', 'output_uri': 'gs://tonytestveo/7ff82df8-96a9-429d-8b42-770d398d803a/', 'event': 'start_video_generation_job.details', 'logger': 'video_generator', 'level': 'info', 'timestamp': '2025-08-27T10:08:33.978513Z'}
{'operation_name': 'projects/veo-testing/locations/us-central1/publishers/google/models/veo-3.0-fast-generate-001/operations/b2cba74f-ab1f-4036-a9ff-a87a13727a31', 'event': 'start_video_generation_job.success', 'logger': 'video_generator', 'level': 'info', 'timestamp': '2025-08-27T10:08:35.263347Z'}
{'task_id': '50e70984-fac5-4ce4-9d96-76c882ee4df5', 'operation_name': 'projects/veo-testing/locations/us-central1/publishers/google/models/veo-3.0-fast-generate-001/operations/b2cba74f-ab1f-4036-a9ff-a87a13727a31', 'event': 'generate_video.job_started', 'logger': '__main__', 'level': 'info', 'timestamp': '2025-08-27T10:08:35.266215Z'}
127.0.0.1 - - [27/Aug/2025 10:08:35] "[32mPOST /generate-video HTTP/1.1[0m" 302 -
{'task_id': '50e70984-fac5-4ce4-9d96-76c882ee4df5', 'event': 'video_result.accessed', 'logger': '__main__', 'level': 'info', 'timestamp': '2025-08-27T10:08:35.271783Z'}
127.0.0.1 - - [27/Aug/2025 10:08:35] "GET /video-result/50e70984-fac5-4ce4-9d96-76c882ee4df5 HTTP/1.1" 200 -
{'operation_name': 'projects/veo-testing/locations/us-central1/publishers/google/models/veo-3.0-fast-generate-001/operations/b2cba74f-ab1f-4036-a9ff-a87a13727a31', 'event': 'poll_operation.start', 'logger': 'video_generator', 'level': 'info', 'timestamp': '2025-08-27T10:08:36.390757Z'}
{'operation_name': 'projects/veo-testing/locations/us-central1/publishers/google/models/veo-3.0-fast-generate-001/operations/b2cba74f-ab1f-4036-a9ff-a87a13727a31', 'wait_seconds': 20, 'event': 'poll_operation.in_progress', 'logger': 'video_generator', 'level': 'info', 'timestamp': '2025-08-27T10:08:37.245729Z'}
{'operation_name': 'projects/veo-testing/locations/us-central1/publishers/google/models/veo-3.0-fast-generate-001/operations/b2cba74f-ab1f-4036-a9ff-a87a13727a31', 'wait_seconds': 20, 'event': 'poll_operation.in_progress', 'logger': 'video_generator', 'level': 'info', 'timestamp': '2025-08-27T10:08:58.120015Z'}
{'operation_name': 'projects/veo-testing/locations/us-central1/publishers/google/models/veo-3.0-fast-generate-001/operations/b2cba74f-ab1f-4036-a9ff-a87a13727a31', 'wait_seconds': 20, 'event': 'poll_operation.in_progress', 'logger': 'video_generator', 'level': 'info', 'timestamp': '2025-08-27T10:09:18.999156Z'}
{'operation_name': 'projects/veo-testing/locations/us-central1/publishers/google/models/veo-3.0-fast-generate-001/operations/b2cba74f-ab1f-4036-a9ff-a87a13727a31', 'event': 'poll_operation.finished', 'logger': 'video_generator', 'level': 'info', 'timestamp': '2025-08-27T10:09:39.842069Z'}
{'task_id': '50e70984-fac5-4ce4-9d96-76c882ee4df5', 'gcs_uri': 'gs://tonytestveo/7ff82df8-96a9-429d-8b42-770d398d803a/3808971239214948623/sample_0.mp4', 'event': 'status_endpoint.veo_complete', 'logger': '__main__', 'level': 'info', 'timestamp': '2025-08-27T10:09:39.844457Z'}
{'gcs_uri': 'gs://tonytestveo/7ff82df8-96a9-429d-8b42-770d398d803a/3808971239214948623/sample_0.mp4', 'target_aspect_ratio': 0.5454545454545454, 'event': 'crop_video.start', 'logger': 'video_generator', 'level': 'info', 'timestamp': '2025-08-27T10:09:39.845298Z'}
{'gcs_uri': 'gs://tonytestveo/7ff82df8-96a9-429d-8b42-770d398d803a/3808971239214948623/sample_0.mp4', 'local_path': '/tmp/tmpt0_vqs88.mp4', 'event': 'crop_video.downloading', 'logger': 'video_generator', 'level': 'info', 'timestamp': '2025-08-27T10:09:41.716745Z'}
{'dimensions': '1280x720', 'event': 'crop_video.video_loaded', 'logger': 'video_generator', 'level': 'info', 'timestamp': '2025-08-27T10:09:42.722125Z'}
{'new_dimensions': '392x720', 'event': 'crop_video.cropping', 'logger': 'video_generator', 'level': 'info', 'timestamp': '2025-08-27T10:09:42.722504Z'}
{'output_path': '/tmp/tmpynrp3sb9_cropped.mp4', 'event': 'crop_video.writing_output', 'logger': 'video_generator', 'level': 'info', 'timestamp': '2025-08-27T10:09:42.723262Z'}
{'removed_file': '/tmp/tmpt0_vqs88.mp4', 'event': 'crop_video.cleanup', 'logger': 'video_generator', 'level': 'info', 'timestamp': '2025-08-27T10:09:44.693786Z'}
{'task_id': '50e70984-fac5-4ce4-9d96-76c882ee4df5', 'local_path': '/tmp/tmpynrp3sb9_cropped.mp4', 'event': 'status_endpoint.crop_complete', 'logger': '__main__', 'level': 'info', 'timestamp': '2025-08-27T10:09:44.694511Z'}
{'path': 'results/916_cropped_20250827_100944.mp4', 'event': 'status_endpoint.saved_locally', 'logger': '__main__', 'level': 'info', 'timestamp': '2025-08-27T10:09:44.695794Z'}
{'local_path': '/tmp/tmpynrp3sb9_cropped.mp4', 'bucket': 'tonytestveo', 'blob_name': 'final_videos/916_cropped_f51df2cc-6c88-4f64-9190-ea0e5555bf06.mp4', 'event': 'upload_to_gcs.start', 'logger': 'video_generator', 'level': 'info', 'timestamp': '2025-08-27T10:09:44.695972Z'}
{'event': 'upload_to_gcs.file_uploaded', 'logger': 'video_generator', 'level': 'info', 'timestamp': '2025-08-27T10:09:47.386154Z'}
{'removed_file': '/tmp/tmpynrp3sb9_cropped.mp4', 'event': 'upload_to_gcs.cleanup', 'logger': 'video_generator', 'level': 'info', 'timestamp': '2025-08-27T10:09:47.386638Z'}
{'task_id': '50e70984-fac5-4ce4-9d96-76c882ee4df5', 'final_url': 'https://storage.googleapis.com/tonytestveo/final_videos/916_cropped_f51df2cc-6c88-4f64-9190-ea0e5555bf06.mp4', 'event': 'status_endpoint.upload_complete', 'logger': '__main__', 'level': 'info', 'timestamp': '2025-08-27T10:09:47.386868Z'}
127.0.0.1 - - [27/Aug/2025 10:09:47] "GET /status/50e70984-fac5-4ce4-9d96-76c882ee4df5 HTTP/1.1" 200 -
{'host': '0.0.0.0', 'port': 8080, 'event': 'application.startup', 'logger': '__main__', 'level': 'info', 'timestamp': '2025-08-27T10:13:44.741360Z'}
 * Debugger is active!
 * Debugger PIN: 485-094-488
{'event': 'generate_video.start', 'logger': '__main__', 'level': 'info', 'timestamp': '2025-08-27T10:14:12.641858Z'}
{'filename': '34', 'size': 309588, 'event': 'generate_video.file_read', 'logger': '__main__', 'level': 'info', 'timestamp': '2025-08-27T10:14:12.644487Z'}
{'task_id': 'f00b067e-75d4-4abb-aff3-91c2d47f2532', 'event': 'generate_video.task_created', 'logger': '__main__', 'level': 'info', 'timestamp': '2025-08-27T10:14:12.644747Z'}
{'task_id': 'f00b067e-75d4-4abb-aff3-91c2d47f2532', 'event': 'generate_video.image_prepared', 'logger': '__main__', 'level': 'info', 'timestamp': '2025-08-27T10:14:12.876521Z'}
{'project_id': 'veo-testing', 'location': 'us-central1', 'event': 'start_video_generation_job.start', 'logger': 'video_generator', 'level': 'info', 'timestamp': '2025-08-27T10:14:12.876967Z'}
{'model_id': 'veo-3.0-fast-generate-001', 'job_id': '1f322855-b6c7-4fde-98e8-72d35cdb32c1', 'output_uri': 'gs://tonytestveo/1f322855-b6c7-4fde-98e8-72d35cdb32c1/', 'event': 'start_video_generation_job.details', 'logger': 'video_generator', 'level': 'info', 'timestamp': '2025-08-27T10:14:13.951968Z'}
{'operation_name': 'projects/veo-testing/locations/us-central1/publishers/google/models/veo-3.0-fast-generate-001/operations/916ce5ac-0e3c-434a-a305-18eb6f888b4d', 'event': 'start_video_generation_job.success', 'logger': 'video_generator', 'level': 'info', 'timestamp': '2025-08-27T10:14:15.280593Z'}
{'task_id': 'f00b067e-75d4-4abb-aff3-91c2d47f2532', 'operation_name': 'projects/veo-testing/locations/us-central1/publishers/google/models/veo-3.0-fast-generate-001/operations/916ce5ac-0e3c-434a-a305-18eb6f888b4d', 'event': 'generate_video.job_started', 'logger': '__main__', 'level': 'info', 'timestamp': '2025-08-27T10:14:15.284681Z'}
127.0.0.1 - - [27/Aug/2025 10:14:15] "[32mPOST /generate-video HTTP/1.1[0m" 302 -
{'task_id': 'f00b067e-75d4-4abb-aff3-91c2d47f2532', 'event': 'video_result.accessed', 'logger': '__main__', 'level': 'info', 'timestamp': '2025-08-27T10:14:15.291435Z'}
127.0.0.1 - - [27/Aug/2025 10:14:15] "GET /video-result/f00b067e-75d4-4abb-aff3-91c2d47f2532 HTTP/1.1" 200 -
{'operation_name': 'projects/veo-testing/locations/us-central1/publishers/google/models/veo-3.0-fast-generate-001/operations/916ce5ac-0e3c-434a-a305-18eb6f888b4d', 'event': 'poll_operation.start', 'logger': 'video_generator', 'level': 'info', 'timestamp': '2025-08-27T10:14:16.391029Z'}
{'operation_name': 'projects/veo-testing/locations/us-central1/publishers/google/models/veo-3.0-fast-generate-001/operations/916ce5ac-0e3c-434a-a305-18eb6f888b4d', 'wait_seconds': 20, 'event': 'poll_operation.in_progress', 'logger': 'video_generator', 'level': 'info', 'timestamp': '2025-08-27T10:14:17.288288Z'}
{'operation_name': 'projects/veo-testing/locations/us-central1/publishers/google/models/veo-3.0-fast-generate-001/operations/916ce5ac-0e3c-434a-a305-18eb6f888b4d', 'wait_seconds': 20, 'event': 'poll_operation.in_progress', 'logger': 'video_generator', 'level': 'info', 'timestamp': '2025-08-27T10:14:38.119968Z'}
{'operation_name': 'projects/veo-testing/locations/us-central1/publishers/google/models/veo-3.0-fast-generate-001/operations/916ce5ac-0e3c-434a-a305-18eb6f888b4d', 'wait_seconds': 20, 'event': 'poll_operation.in_progress', 'logger': 'video_generator', 'level': 'info', 'timestamp': '2025-08-27T10:14:58.973130Z'}
{'operation_name': 'projects/veo-testing/locations/us-central1/publishers/google/models/veo-3.0-fast-generate-001/operations/916ce5ac-0e3c-434a-a305-18eb6f888b4d', 'event': 'poll_operation.finished', 'logger': 'video_generator', 'level': 'info', 'timestamp': '2025-08-27T10:15:19.803995Z'}
{'task_id': 'f00b067e-75d4-4abb-aff3-91c2d47f2532', 'gcs_uri': 'gs://tonytestveo/1f322855-b6c7-4fde-98e8-72d35cdb32c1/12584105102758916198/sample_0.mp4', 'event': 'status_endpoint.veo_complete', 'logger': '__main__', 'level': 'info', 'timestamp': '2025-08-27T10:15:19.806139Z'}
{'gcs_uri': 'gs://tonytestveo/1f322855-b6c7-4fde-98e8-72d35cdb32c1/12584105102758916198/sample_0.mp4', 'target_aspect_ratio': 0.7, 'event': 'crop_video.start', 'logger': 'video_generator', 'level': 'info', 'timestamp': '2025-08-27T10:15:19.807030Z'}
{'gcs_uri': 'gs://tonytestveo/1f322855-b6c7-4fde-98e8-72d35cdb32c1/12584105102758916198/sample_0.mp4', 'local_path': '/tmp/tmpd_5c0nu5.mp4', 'event': 'crop_video.downloading', 'logger': 'video_generator', 'level': 'info', 'timestamp': '2025-08-27T10:15:22.085444Z'}
{'task_id': 'f00b067e-75d4-4abb-aff3-91c2d47f2532', 'error': "name 'shutil' is not defined", 'event': 'status_endpoint.processing_error', 'logger': '__main__', 'level': 'error', 'timestamp': '2025-08-27T10:15:23.014187Z', 'exception': 'Traceback (most recent call last):\n  File "/usr/local/google/home/tonycarnal/git/videogenerator/main.py", line 188, in status_endpoint\n    cropped_video_path = crop_video_to_aspect_ratio(\n        gcs_uri_16x9,\n    ...<2 lines>...\n        timestamp=datetime.datetime.now().strftime("%Y%m%d_%H%M%S")\n    )\n  File "/usr/local/google/home/tonycarnal/git/videogenerator/video_generator.py", line 116, in crop_video_to_aspect_ratio\n    shutil.copy(temp_in.name, local_filepath_16x9)\n    ^^^^^^\nNameError: name \'shutil\' is not defined. Did you forget to import \'shutil\'?'}
127.0.0.1 - - [27/Aug/2025 10:15:23] "GET /status/f00b067e-75d4-4abb-aff3-91c2d47f2532 HTTP/1.1" 200 -
{'host': '0.0.0.0', 'port': 8080, 'event': 'application.startup', 'logger': '__main__', 'level': 'info', 'timestamp': '2025-08-27T10:16:51.363268Z'}
 * Debugger is active!
 * Debugger PIN: 485-094-488
{'event': 'index.accessed', 'logger': '__main__', 'level': 'info', 'timestamp': '2025-08-27T10:16:55.307217Z'}
127.0.0.1 - - [27/Aug/2025 10:16:55] "GET / HTTP/1.1" 200 -
{'event': 'index.accessed', 'logger': '__main__', 'level': 'info', 'timestamp': '2025-08-27T10:16:55.542094Z'}
127.0.0.1 - - [27/Aug/2025 10:16:55] "GET / HTTP/1.1" 200 -
{'event': 'resize_image_endpoint.start', 'logger': '__main__', 'level': 'info', 'timestamp': '2025-08-27T10:17:04.791193Z'}
{'filename': '11.jpg', 'size': 338337, 'event': 'resize_image_endpoint.file_read', 'logger': '__main__', 'level': 'info', 'timestamp': '2025-08-27T10:17:04.793430Z'}
{'error': "name 'output_bytes' is not defined", 'event': 'resize_image_endpoint.error', 'logger': '__main__', 'level': 'error', 'timestamp': '2025-08-27T10:17:04.804531Z', 'exception': 'Traceback (most recent call last):\n  File "/usr/local/google/home/tonycarnal/git/videogenerator/main.py", line 63, in resize_image_endpoint\n    f.write(output_bytes)\n            ^^^^^^^^^^^^\nNameError: name \'output_bytes\' is not defined. Did you mean: \'input_bytes\'?'}
127.0.0.1 - - [27/Aug/2025 10:17:04] "[35m[1mPOST /resize HTTP/1.1[0m" 500 -
127.0.0.1 - - [27/Aug/2025 10:17:04] "[31m[1mGET /resize HTTP/1.1[0m" 405 -
{'event': 'resize_image_endpoint.start', 'logger': '__main__', 'level': 'info', 'timestamp': '2025-08-27T10:17:13.407263Z'}
{'filename': '11.jpg', 'size': 338337, 'event': 'resize_image_endpoint.file_read', 'logger': '__main__', 'level': 'info', 'timestamp': '2025-08-27T10:17:13.409761Z'}
{'error': "name 'output_bytes' is not defined", 'event': 'resize_image_endpoint.error', 'logger': '__main__', 'level': 'error', 'timestamp': '2025-08-27T10:17:13.410569Z', 'exception': 'Traceback (most recent call last):\n  File "/usr/local/google/home/tonycarnal/git/videogenerator/main.py", line 63, in resize_image_endpoint\n    f.write(output_bytes)\n            ^^^^^^^^^^^^\nNameError: name \'output_bytes\' is not defined. Did you mean: \'input_bytes\'?'}
127.0.0.1 - - [27/Aug/2025 10:17:13] "[35m[1mPOST /resize HTTP/1.1[0m" 500 -
127.0.0.1 - - [27/Aug/2025 10:17:13] "[31m[1mGET /resize HTTP/1.1[0m" 405 -
{'host': '0.0.0.0', 'port': 8080, 'event': 'application.startup', 'logger': '__main__', 'level': 'info', 'timestamp': '2025-08-27T10:18:10.464054Z'}
 * Debugger is active!
 * Debugger PIN: 485-094-488
{'event': 'index.accessed', 'logger': '__main__', 'level': 'info', 'timestamp': '2025-08-27T10:18:21.418748Z'}
127.0.0.1 - - [27/Aug/2025 10:18:21] "GET / HTTP/1.1" 200 -
{'event': 'index.accessed', 'logger': '__main__', 'level': 'info', 'timestamp': '2025-08-27T10:18:21.751494Z'}
127.0.0.1 - - [27/Aug/2025 10:18:21] "GET / HTTP/1.1" 200 -
{'event': 'resize_image_endpoint.start', 'logger': '__main__', 'level': 'info', 'timestamp': '2025-08-27T10:18:29.326395Z'}
{'filename': '11.jpg', 'size': 338337, 'event': 'resize_image_endpoint.file_read', 'logger': '__main__', 'level': 'info', 'timestamp': '2025-08-27T10:18:29.328832Z'}
{'error': "name 'output_bytes' is not defined", 'event': 'resize_image_endpoint.error', 'logger': '__main__', 'level': 'error', 'timestamp': '2025-08-27T10:18:29.341061Z', 'exception': 'Traceback (most recent call last):\n  File "/usr/local/google/home/tonycarnal/git/videogenerator/main.py", line 63, in resize_image_endpoint\n    f.write(output_bytes)\n            ^^^^^^^^^^^^\nNameError: name \'output_bytes\' is not defined. Did you mean: \'input_bytes\'?'}
127.0.0.1 - - [27/Aug/2025 10:18:29] "[35m[1mPOST /resize HTTP/1.1[0m" 500 -
127.0.0.1 - - [27/Aug/2025 10:18:29] "[31m[1mGET /resize HTTP/1.1[0m" 405 -
{'host': '0.0.0.0', 'port': 8080, 'event': 'application.startup', 'logger': '__main__', 'level': 'info', 'timestamp': '2025-08-27T10:20:12.981824Z'}
 * Debugger is active!
 * Debugger PIN: 485-094-488
{'event': 'resize_image_endpoint.start', 'logger': '__main__', 'level': 'info', 'timestamp': '2025-08-27T10:20:24.422997Z'}
{'filename': '11.jpg', 'size': 338337, 'event': 'resize_image_endpoint.file_read', 'logger': '__main__', 'level': 'info', 'timestamp': '2025-08-27T10:20:24.426499Z'}
{'new_size': 107925, 'event': 'resize_image_endpoint.resize_complete', 'logger': '__main__', 'level': 'info', 'timestamp': '2025-08-27T10:20:24.462276Z'}
{'path': 'results/11_16x9_20250827_102024.jpg', 'event': 'resize_image_endpoint.saved_locally', 'logger': '__main__', 'level': 'info', 'timestamp': '2025-08-27T10:20:24.465634Z'}
127.0.0.1 - - [27/Aug/2025 10:20:24] "POST /resize HTTP/1.1" 200 -
{'host': '0.0.0.0', 'port': 8080, 'event': 'application.startup', 'logger': '__main__', 'level': 'info', 'timestamp': '2025-08-27T10:38:37.173740Z'}
 * Debugger is active!
 * Debugger PIN: 485-094-488
{'event': 'index.accessed', 'logger': '__main__', 'level': 'info', 'timestamp': '2025-08-27T10:38:37.197938Z'}
127.0.0.1 - - [27/Aug/2025 10:38:37] "GET / HTTP/1.1" 200 -
{'event': 'index.accessed', 'logger': '__main__', 'level': 'info', 'timestamp': '2025-08-27T10:38:37.280974Z'}
127.0.0.1 - - [27/Aug/2025 10:38:37] "GET / HTTP/1.1" 200 -
{'event': 'index.accessed', 'logger': '__main__', 'level': 'info', 'timestamp': '2025-08-27T10:38:45.659918Z'}
127.0.0.1 - - [27/Aug/2025 10:38:45] "GET / HTTP/1.1" 200 -
{'event': 'index.accessed', 'logger': '__main__', 'level': 'info', 'timestamp': '2025-08-27T10:38:45.842964Z'}
127.0.0.1 - - [27/Aug/2025 10:38:45] "GET / HTTP/1.1" 200 -
{'event': 'resize_image_endpoint.start', 'logger': '__main__', 'level': 'info', 'timestamp': '2025-08-27T10:38:54.432138Z'}
{'filename': '11.jpg', 'size': 338337, 'event': 'resize_image_endpoint.file_read', 'logger': '__main__', 'level': 'info', 'timestamp': '2025-08-27T10:38:54.434884Z'}
{'new_size': 107925, 'event': 'resize_image_endpoint.resize_complete', 'logger': '__main__', 'level': 'info', 'timestamp': '2025-08-27T10:38:54.465542Z'}
{'path': 'results/11_16x9_20250827_103854.jpg', 'event': 'resize_image_endpoint.saved_locally', 'logger': '__main__', 'level': 'info', 'timestamp': '2025-08-27T10:38:54.466462Z'}
127.0.0.1 - - [27/Aug/2025 10:38:54] "POST /resize HTTP/1.1" 200 -
{'event': 'generate_video.start', 'logger': '__main__', 'level': 'info', 'timestamp': '2025-08-27T10:39:04.187195Z'}
{'filename': '11', 'size': 338337, 'event': 'generate_video.file_read', 'logger': '__main__', 'level': 'info', 'timestamp': '2025-08-27T10:39:04.190183Z'}
{'task_id': '9f1a5d92-2442-4dcf-b762-35e9085015cb', 'event': 'generate_video.task_created', 'logger': '__main__', 'level': 'info', 'timestamp': '2025-08-27T10:39:04.190521Z'}
{'task_id': '9f1a5d92-2442-4dcf-b762-35e9085015cb', 'event': 'generate_video.image_prepared', 'logger': '__main__', 'level': 'info', 'timestamp': '2025-08-27T10:39:04.501027Z'}
{'project_id': 'veo-testing', 'location': 'us-central1', 'event': 'start_video_generation_job.start', 'logger': 'video_generator', 'level': 'info', 'timestamp': '2025-08-27T10:39:04.501401Z'}
{'model_id': 'veo-3.0-fast-generate-001', 'job_id': 'a54dac7c-eebd-45d7-a224-0fba360d7c09', 'output_uri': 'gs://tonytestveo/a54dac7c-eebd-45d7-a224-0fba360d7c09/', 'event': 'start_video_generation_job.details', 'logger': 'video_generator', 'level': 'info', 'timestamp': '2025-08-27T10:39:05.545436Z'}
{'operation_name': 'projects/veo-testing/locations/us-central1/publishers/google/models/veo-3.0-fast-generate-001/operations/c3dd01a0-93b6-4ce9-bb84-1da331f49f0a', 'event': 'start_video_generation_job.success', 'logger': 'video_generator', 'level': 'info', 'timestamp': '2025-08-27T10:39:06.934372Z'}
{'task_id': '9f1a5d92-2442-4dcf-b762-35e9085015cb', 'operation_name': 'projects/veo-testing/locations/us-central1/publishers/google/models/veo-3.0-fast-generate-001/operations/c3dd01a0-93b6-4ce9-bb84-1da331f49f0a', 'event': 'generate_video.job_started', 'logger': '__main__', 'level': 'info', 'timestamp': '2025-08-27T10:39:06.938075Z'}
127.0.0.1 - - [27/Aug/2025 10:39:06] "[32mPOST /generate-video HTTP/1.1[0m" 302 -
{'task_id': '9f1a5d92-2442-4dcf-b762-35e9085015cb', 'event': 'video_result.accessed', 'logger': '__main__', 'level': 'info', 'timestamp': '2025-08-27T10:39:06.944756Z'}
127.0.0.1 - - [27/Aug/2025 10:39:06] "GET /video-result/9f1a5d92-2442-4dcf-b762-35e9085015cb HTTP/1.1" 200 -
{'operation_name': 'projects/veo-testing/locations/us-central1/publishers/google/models/veo-3.0-fast-generate-001/operations/c3dd01a0-93b6-4ce9-bb84-1da331f49f0a', 'event': 'poll_operation.start', 'logger': 'video_generator', 'level': 'info', 'timestamp': '2025-08-27T10:39:08.140897Z'}
{'operation_name': 'projects/veo-testing/locations/us-central1/publishers/google/models/veo-3.0-fast-generate-001/operations/c3dd01a0-93b6-4ce9-bb84-1da331f49f0a', 'wait_seconds': 20, 'event': 'poll_operation.in_progress', 'logger': 'video_generator', 'level': 'info', 'timestamp': '2025-08-27T10:39:09.003837Z'}
{'event': 'index.accessed', 'logger': '__main__', 'level': 'info', 'timestamp': '2025-08-27T10:39:17.734786Z'}
127.0.0.1 - - [27/Aug/2025 10:39:17] "GET / HTTP/1.1" 200 -
{'event': 'index.accessed', 'logger': '__main__', 'level': 'info', 'timestamp': '2025-08-27T10:39:17.785492Z'}
127.0.0.1 - - [27/Aug/2025 10:39:17] "GET / HTTP/1.1" 200 -
{'operation_name': 'projects/veo-testing/locations/us-central1/publishers/google/models/veo-3.0-fast-generate-001/operations/c3dd01a0-93b6-4ce9-bb84-1da331f49f0a', 'wait_seconds': 20, 'event': 'poll_operation.in_progress', 'logger': 'video_generator', 'level': 'info', 'timestamp': '2025-08-27T10:39:29.921940Z'}
{'operation_name': 'projects/veo-testing/locations/us-central1/publishers/google/models/veo-3.0-fast-generate-001/operations/c3dd01a0-93b6-4ce9-bb84-1da331f49f0a', 'wait_seconds': 20, 'event': 'poll_operation.in_progress', 'logger': 'video_generator', 'level': 'info', 'timestamp': '2025-08-27T10:39:50.795302Z'}
{'operation_name': 'projects/veo-testing/locations/us-central1/publishers/google/models/veo-3.0-fast-generate-001/operations/c3dd01a0-93b6-4ce9-bb84-1da331f49f0a', 'event': 'poll_operation.finished', 'logger': 'video_generator', 'level': 'info', 'timestamp': '2025-08-27T10:40:11.661142Z'}
{'task_id': '9f1a5d92-2442-4dcf-b762-35e9085015cb', 'gcs_uri': 'gs://tonytestveo/a54dac7c-eebd-45d7-a224-0fba360d7c09/5271394953503951594/sample_0.mp4', 'event': 'status_endpoint.veo_complete', 'logger': '__main__', 'level': 'info', 'timestamp': '2025-08-27T10:40:11.663761Z'}
{'gcs_uri': 'gs://tonytestveo/a54dac7c-eebd-45d7-a224-0fba360d7c09/5271394953503951594/sample_0.mp4', 'destination': 'results/11_16x9_20250827_104011.mp4', 'event': 'download_from_gcs.start', 'logger': 'video_generator', 'level': 'info', 'timestamp': '2025-08-27T10:40:11.665346Z'}
{'local_path': 'results/11_16x9_20250827_104011.mp4', 'event': 'download_from_gcs.success', 'logger': 'video_generator', 'level': 'info', 'timestamp': '2025-08-27T10:40:14.450597Z'}
{'local_path': 'results/11_16x9_20250827_104011.mp4', 'target_aspect_ratio': 1.0, 'event': 'crop_video.start', 'logger': 'video_generator', 'level': 'info', 'timestamp': '2025-08-27T10:40:14.451151Z'}
{'dimensions': '1280x720', 'event': 'crop_video.video_loaded', 'logger': 'video_generator', 'level': 'info', 'timestamp': '2025-08-27T10:40:14.538532Z'}
{'new_dimensions': '720x720', 'event': 'crop_video.cropping', 'logger': 'video_generator', 'level': 'info', 'timestamp': '2025-08-27T10:40:14.538916Z'}
{'output_path': '/tmp/tmpcmjjsc7s_cropped.mp4', 'event': 'crop_video.writing_output', 'logger': 'video_generator', 'level': 'info', 'timestamp': '2025-08-27T10:40:14.544351Z'}
{'task_id': '9f1a5d92-2442-4dcf-b762-35e9085015cb', 'error': "name 'temp_in' is not defined", 'event': 'status_endpoint.processing_error', 'logger': '__main__', 'level': 'error', 'timestamp': '2025-08-27T10:40:17.686667Z', 'exception': 'Traceback (most recent call last):\n  File "/usr/local/google/home/tonycarnal/git/videogenerator/main.py", line 192, in status_endpoint\n    cropped_video_path = crop_video_to_aspect_ratio(local_filepath_16x9, task["original_aspect_ratio"])\n  File "/usr/local/google/home/tonycarnal/git/videogenerator/video_generator.py", line 134, in crop_video_to_aspect_ratio\n    os.remove(temp_in.name)\n              ^^^^^^^\nNameError: name \'temp_in\' is not defined. Did you mean: \'tempfile\'?'}
127.0.0.1 - - [27/Aug/2025 10:40:17] "GET /status/9f1a5d92-2442-4dcf-b762-35e9085015cb HTTP/1.1" 200 -
{'host': '0.0.0.0', 'port': 8080, 'event': 'application.startup', 'logger': '__main__', 'level': 'info', 'timestamp': '2025-08-27T10:42:20.453681Z'}
 * Debugger is active!
 * Debugger PIN: 485-094-488
{'event': 'index.accessed', 'logger': '__main__', 'level': 'info', 'timestamp': '2025-08-27T10:42:31.542751Z'}
127.0.0.1 - - [27/Aug/2025 10:42:31] "GET / HTTP/1.1" 200 -
{'event': 'index.accessed', 'logger': '__main__', 'level': 'info', 'timestamp': '2025-08-27T10:42:31.932463Z'}
127.0.0.1 - - [27/Aug/2025 10:42:31] "GET / HTTP/1.1" 200 -
{'event': 'generate_video.start', 'logger': '__main__', 'level': 'info', 'timestamp': '2025-08-27T10:42:36.486079Z'}
{'filename': '916', 'size': 359416, 'event': 'generate_video.file_read', 'logger': '__main__', 'level': 'info', 'timestamp': '2025-08-27T10:42:36.493038Z'}
{'task_id': 'b9656826-495b-44de-8226-85e79217dd72', 'event': 'generate_video.task_created', 'logger': '__main__', 'level': 'info', 'timestamp': '2025-08-27T10:42:36.493426Z'}
{'task_id': 'b9656826-495b-44de-8226-85e79217dd72', 'event': 'generate_video.image_prepared', 'logger': '__main__', 'level': 'info', 'timestamp': '2025-08-27T10:42:36.804802Z'}
{'project_id': 'veo-testing', 'location': 'us-central1', 'event': 'start_video_generation_job.start', 'logger': 'video_generator', 'level': 'info', 'timestamp': '2025-08-27T10:42:36.805411Z'}
{'model_id': 'veo-3.0-fast-generate-001', 'job_id': '55ab0f40-ca03-41fd-90ab-7481dbe0f7ef', 'output_uri': 'gs://tonytestveo/55ab0f40-ca03-41fd-90ab-7481dbe0f7ef/', 'event': 'start_video_generation_job.details', 'logger': 'video_generator', 'level': 'info', 'timestamp': '2025-08-27T10:42:38.336768Z'}
{'operation_name': 'projects/veo-testing/locations/us-central1/publishers/google/models/veo-3.0-fast-generate-001/operations/dea9e125-b1b5-49b3-ab32-63b3c56a0a4f', 'event': 'start_video_generation_job.success', 'logger': 'video_generator', 'level': 'info', 'timestamp': '2025-08-27T10:42:39.685051Z'}
{'task_id': 'b9656826-495b-44de-8226-85e79217dd72', 'operation_name': 'projects/veo-testing/locations/us-central1/publishers/google/models/veo-3.0-fast-generate-001/operations/dea9e125-b1b5-49b3-ab32-63b3c56a0a4f', 'event': 'generate_video.job_started', 'logger': '__main__', 'level': 'info', 'timestamp': '2025-08-27T10:42:39.688746Z'}
127.0.0.1 - - [27/Aug/2025 10:42:39] "[32mPOST /generate-video HTTP/1.1[0m" 302 -
{'task_id': 'b9656826-495b-44de-8226-85e79217dd72', 'event': 'video_result.accessed', 'logger': '__main__', 'level': 'info', 'timestamp': '2025-08-27T10:42:39.707068Z'}
127.0.0.1 - - [27/Aug/2025 10:42:39] "GET /video-result/b9656826-495b-44de-8226-85e79217dd72 HTTP/1.1" 200 -
{'operation_name': 'projects/veo-testing/locations/us-central1/publishers/google/models/veo-3.0-fast-generate-001/operations/dea9e125-b1b5-49b3-ab32-63b3c56a0a4f', 'event': 'poll_operation.start', 'logger': 'video_generator', 'level': 'info', 'timestamp': '2025-08-27T10:42:41.330558Z'}
{'operation_name': 'projects/veo-testing/locations/us-central1/publishers/google/models/veo-3.0-fast-generate-001/operations/dea9e125-b1b5-49b3-ab32-63b3c56a0a4f', 'wait_seconds': 20, 'event': 'poll_operation.in_progress', 'logger': 'video_generator', 'level': 'info', 'timestamp': '2025-08-27T10:42:42.232078Z'}
{'operation_name': 'projects/veo-testing/locations/us-central1/publishers/google/models/veo-3.0-fast-generate-001/operations/dea9e125-b1b5-49b3-ab32-63b3c56a0a4f', 'wait_seconds': 20, 'event': 'poll_operation.in_progress', 'logger': 'video_generator', 'level': 'info', 'timestamp': '2025-08-27T10:43:03.076771Z'}
{'operation_name': 'projects/veo-testing/locations/us-central1/publishers/google/models/veo-3.0-fast-generate-001/operations/dea9e125-b1b5-49b3-ab32-63b3c56a0a4f', 'wait_seconds': 20, 'event': 'poll_operation.in_progress', 'logger': 'video_generator', 'level': 'info', 'timestamp': '2025-08-27T10:43:23.890610Z'}
{'operation_name': 'projects/veo-testing/locations/us-central1/publishers/google/models/veo-3.0-fast-generate-001/operations/dea9e125-b1b5-49b3-ab32-63b3c56a0a4f', 'wait_seconds': 20, 'event': 'poll_operation.in_progress', 'logger': 'video_generator', 'level': 'info', 'timestamp': '2025-08-27T10:43:44.752837Z'}
{'operation_name': 'projects/veo-testing/locations/us-central1/publishers/google/models/veo-3.0-fast-generate-001/operations/dea9e125-b1b5-49b3-ab32-63b3c56a0a4f', 'event': 'poll_operation.finished', 'logger': 'video_generator', 'level': 'info', 'timestamp': '2025-08-27T10:44:05.592090Z'}
{'task_id': 'b9656826-495b-44de-8226-85e79217dd72', 'gcs_uri': 'gs://tonytestveo/55ab0f40-ca03-41fd-90ab-7481dbe0f7ef/7111417200723849959/sample_0.mp4', 'event': 'status_endpoint.veo_complete', 'logger': '__main__', 'level': 'info', 'timestamp': '2025-08-27T10:44:05.594823Z'}
{'gcs_uri': 'gs://tonytestveo/55ab0f40-ca03-41fd-90ab-7481dbe0f7ef/7111417200723849959/sample_0.mp4', 'destination': 'results/916_16x9_20250827_104405.mp4', 'event': 'download_from_gcs.start', 'logger': 'video_generator', 'level': 'info', 'timestamp': '2025-08-27T10:44:05.595742Z'}
{'local_path': 'results/916_16x9_20250827_104405.mp4', 'event': 'download_from_gcs.success', 'logger': 'video_generator', 'level': 'info', 'timestamp': '2025-08-27T10:44:08.389586Z'}
{'local_path': 'results/916_16x9_20250827_104405.mp4', 'target_aspect_ratio': 0.5454545454545454, 'event': 'crop_video.start', 'logger': 'video_generator', 'level': 'info', 'timestamp': '2025-08-27T10:44:08.389932Z'}
{'dimensions': '1280x720', 'event': 'crop_video.video_loaded', 'logger': 'video_generator', 'level': 'info', 'timestamp': '2025-08-27T10:44:08.446811Z'}
{'new_dimensions': '392x720', 'event': 'crop_video.cropping', 'logger': 'video_generator', 'level': 'info', 'timestamp': '2025-08-27T10:44:08.447238Z'}
{'output_path': '/tmp/tmpoa_xvqsn_cropped.mp4', 'event': 'crop_video.writing_output', 'logger': 'video_generator', 'level': 'info', 'timestamp': '2025-08-27T10:44:08.448649Z'}
{'task_id': 'b9656826-495b-44de-8226-85e79217dd72', 'local_path': '/tmp/tmpoa_xvqsn_cropped.mp4', 'event': 'status_endpoint.crop_complete', 'logger': '__main__', 'level': 'info', 'timestamp': '2025-08-27T10:44:10.403379Z'}
{'path': 'results/916_cropped_20250827_104405.mp4', 'event': 'status_endpoint.saved_locally', 'logger': '__main__', 'level': 'info', 'timestamp': '2025-08-27T10:44:10.405330Z'}
127.0.0.1 - - [27/Aug/2025 10:44:10] "GET /status/b9656826-495b-44de-8226-85e79217dd72 HTTP/1.1" 200 -
{'filename': '916_16x9_20250827_104405.mp4', 'event': 'serve_video.requested', 'logger': '__main__', 'level': 'info', 'timestamp': '2025-08-27T10:44:10.431418Z'}
{'filename': '916_cropped_20250827_104405.mp4', 'event': 'serve_video.requested', 'logger': '__main__', 'level': 'info', 'timestamp': '2025-08-27T10:44:10.450333Z'}
127.0.0.1 - - [27/Aug/2025 10:44:10] "[35m[1mGET /videos/916_16x9_20250827_104405.mp4 HTTP/1.1[0m" 206 -
127.0.0.1 - - [27/Aug/2025 10:44:10] "[35m[1mGET /videos/916_cropped_20250827_104405.mp4 HTTP/1.1[0m" 206 -
{'filename': '916_cropped_20250827_104405.mp4', 'event': 'serve_video.requested', 'logger': '__main__', 'level': 'info', 'timestamp': '2025-08-27T10:44:10.479282Z'}
127.0.0.1 - - [27/Aug/2025 10:44:10] "[35m[1mGET /videos/916_cropped_20250827_104405.mp4 HTTP/1.1[0m" 206 -
{'filename': '916_16x9_20250827_104405.mp4', 'event': 'serve_video.requested', 'logger': '__main__', 'level': 'info', 'timestamp': '2025-08-27T10:44:10.487645Z'}
127.0.0.1 - - [27/Aug/2025 10:44:10] "[35m[1mGET /videos/916_16x9_20250827_104405.mp4 HTTP/1.1[0m" 206 -
{'filename': '916_cropped_20250827_104405.mp4', 'event': 'serve_video.requested', 'logger': '__main__', 'level': 'info', 'timestamp': '2025-08-27T10:44:10.499026Z'}
127.0.0.1 - - [27/Aug/2025 10:44:10] "[35m[1mGET /videos/916_cropped_20250827_104405.mp4 HTTP/1.1[0m" 206 -
{'filename': '916_16x9_20250827_104405.mp4', 'event': 'serve_video.requested', 'logger': '__main__', 'level': 'info', 'timestamp': '2025-08-27T10:44:10.504731Z'}
127.0.0.1 - - [27/Aug/2025 10:44:10] "[35m[1mGET /videos/916_16x9_20250827_104405.mp4 HTTP/1.1[0m" 206 -
{'filename': '916_cropped_20250827_104405.mp4', 'event': 'serve_video.requested', 'logger': '__main__', 'level': 'info', 'timestamp': '2025-08-27T10:44:10.560461Z'}
127.0.0.1 - - [27/Aug/2025 10:44:10] "[35m[1mGET /videos/916_cropped_20250827_104405.mp4 HTTP/1.1[0m" 206 -
{'filename': '916_16x9_20250827_104405.mp4', 'event': 'serve_video.requested', 'logger': '__main__', 'level': 'info', 'timestamp': '2025-08-27T10:44:10.566419Z'}
127.0.0.1 - - [27/Aug/2025 10:44:10] "[35m[1mGET /videos/916_16x9_20250827_104405.mp4 HTTP/1.1[0m" 206 -
{'filename': '916_16x9_20250827_104405.mp4', 'event': 'serve_video.requested', 'logger': '__main__', 'level': 'info', 'timestamp': '2025-08-27T10:44:13.903606Z'}
127.0.0.1 - - [27/Aug/2025 10:44:13] "[35m[1mGET /videos/916_16x9_20250827_104405.mp4 HTTP/1.1[0m" 206 -
{'filename': '916_cropped_20250827_104405.mp4', 'event': 'serve_video.requested', 'logger': '__main__', 'level': 'info', 'timestamp': '2025-08-27T10:44:22.889157Z'}
127.0.0.1 - - [27/Aug/2025 10:44:22] "[35m[1mGET /videos/916_cropped_20250827_104405.mp4 HTTP/1.1[0m" 206 -
{'host': '0.0.0.0', 'port': 8080, 'event': 'application.startup', 'logger': '__main__', 'level': 'info', 'timestamp': '2025-08-27T10:54:19.287234Z'}
 * Debugger is active!
 * Debugger PIN: 485-094-488
{'event': 'index.accessed', 'logger': '__main__', 'level': 'info', 'timestamp': '2025-08-27T10:54:27.194125Z'}
127.0.0.1 - - [27/Aug/2025 10:54:27] "GET / HTTP/1.1" 200 -
{'event': 'index.accessed', 'logger': '__main__', 'level': 'info', 'timestamp': '2025-08-27T10:54:27.617717Z'}
127.0.0.1 - - [27/Aug/2025 10:54:27] "GET / HTTP/1.1" 200 -
{'event': 'generate_video.start', 'logger': '__main__', 'level': 'info', 'timestamp': '2025-08-27T10:54:37.083696Z'}
{'filename': '916', 'size': 359416, 'event': 'generate_video.file_read', 'logger': '__main__', 'level': 'info', 'timestamp': '2025-08-27T10:54:37.086638Z'}
{'task_id': 'af403091-ec96-4cf1-b670-4a2c6f5820e0', 'event': 'generate_video.task_created', 'logger': '__main__', 'level': 'info', 'timestamp': '2025-08-27T10:54:37.086933Z'}
{'task_id': 'af403091-ec96-4cf1-b670-4a2c6f5820e0', 'event': 'generate_video.image_prepared', 'logger': '__main__', 'level': 'info', 'timestamp': '2025-08-27T10:54:37.325337Z'}
{'project_id': 'veo-testing', 'location': 'us-central1', 'event': 'start_video_generation_job.start', 'logger': 'video_generator', 'level': 'info', 'timestamp': '2025-08-27T10:54:37.325788Z'}
{'model_id': 'veo-3.0-fast-generate-001', 'job_id': 'f6c6f1d4-7e21-4381-b769-5468ecb2d76f', 'output_uri': 'gs://tonytestveo/f6c6f1d4-7e21-4381-b769-5468ecb2d76f/', 'event': 'start_video_generation_job.details', 'logger': 'video_generator', 'level': 'info', 'timestamp': '2025-08-27T10:54:38.601893Z'}
{'operation_name': 'projects/veo-testing/locations/us-central1/publishers/google/models/veo-3.0-fast-generate-001/operations/a1e97b3e-7f81-47cf-99bc-634ae89088e2', 'event': 'start_video_generation_job.success', 'logger': 'video_generator', 'level': 'info', 'timestamp': '2025-08-27T10:54:39.885035Z'}
{'task_id': 'af403091-ec96-4cf1-b670-4a2c6f5820e0', 'operation_name': 'projects/veo-testing/locations/us-central1/publishers/google/models/veo-3.0-fast-generate-001/operations/a1e97b3e-7f81-47cf-99bc-634ae89088e2', 'event': 'generate_video.job_started', 'logger': '__main__', 'level': 'info', 'timestamp': '2025-08-27T10:54:39.888784Z'}
127.0.0.1 - - [27/Aug/2025 10:54:39] "[32mPOST /generate-video HTTP/1.1[0m" 302 -
{'task_id': 'af403091-ec96-4cf1-b670-4a2c6f5820e0', 'event': 'video_result.accessed', 'logger': '__main__', 'level': 'info', 'timestamp': '2025-08-27T10:54:39.894710Z'}
127.0.0.1 - - [27/Aug/2025 10:54:39] "GET /video-result/af403091-ec96-4cf1-b670-4a2c6f5820e0 HTTP/1.1" 200 -
{'operation_name': 'projects/veo-testing/locations/us-central1/publishers/google/models/veo-3.0-fast-generate-001/operations/a1e97b3e-7f81-47cf-99bc-634ae89088e2', 'event': 'poll_operation.start', 'logger': 'video_generator', 'level': 'info', 'timestamp': '2025-08-27T10:54:41.439522Z'}
{'operation_name': 'projects/veo-testing/locations/us-central1/publishers/google/models/veo-3.0-fast-generate-001/operations/a1e97b3e-7f81-47cf-99bc-634ae89088e2', 'wait_seconds': 20, 'event': 'poll_operation.in_progress', 'logger': 'video_generator', 'level': 'info', 'timestamp': '2025-08-27T10:54:42.329288Z'}
{'operation_name': 'projects/veo-testing/locations/us-central1/publishers/google/models/veo-3.0-fast-generate-001/operations/a1e97b3e-7f81-47cf-99bc-634ae89088e2', 'wait_seconds': 20, 'event': 'poll_operation.in_progress', 'logger': 'video_generator', 'level': 'info', 'timestamp': '2025-08-27T10:55:03.173085Z'}
{'operation_name': 'projects/veo-testing/locations/us-central1/publishers/google/models/veo-3.0-fast-generate-001/operations/a1e97b3e-7f81-47cf-99bc-634ae89088e2', 'wait_seconds': 20, 'event': 'poll_operation.in_progress', 'logger': 'video_generator', 'level': 'info', 'timestamp': '2025-08-27T10:55:24.030778Z'}
{'operation_name': 'projects/veo-testing/locations/us-central1/publishers/google/models/veo-3.0-fast-generate-001/operations/a1e97b3e-7f81-47cf-99bc-634ae89088e2', 'event': 'poll_operation.finished', 'logger': 'video_generator', 'level': 'info', 'timestamp': '2025-08-27T10:55:44.846965Z'}
{'task_id': 'af403091-ec96-4cf1-b670-4a2c6f5820e0', 'gcs_uri': 'gs://tonytestveo/f6c6f1d4-7e21-4381-b769-5468ecb2d76f/9701024812754727959/sample_0.mp4', 'event': 'status_endpoint.veo_complete', 'logger': '__main__', 'level': 'info', 'timestamp': '2025-08-27T10:55:44.849427Z'}
{'gcs_uri': 'gs://tonytestveo/f6c6f1d4-7e21-4381-b769-5468ecb2d76f/9701024812754727959/sample_0.mp4', 'destination': 'results/916_16x9_20250827_105544.mp4', 'event': 'download_from_gcs.start', 'logger': 'video_generator', 'level': 'info', 'timestamp': '2025-08-27T10:55:44.850339Z'}
{'local_path': 'results/916_16x9_20250827_105544.mp4', 'event': 'download_from_gcs.success', 'logger': 'video_generator', 'level': 'info', 'timestamp': '2025-08-27T10:55:47.882321Z'}
{'local_path': 'results/916_16x9_20250827_105544.mp4', 'target_aspect_ratio': 0.5454545454545454, 'event': 'crop_video.start', 'logger': 'video_generator', 'level': 'info', 'timestamp': '2025-08-27T10:55:47.882688Z'}
{'dimensions': '1280x720', 'event': 'crop_video.video_loaded', 'logger': 'video_generator', 'level': 'info', 'timestamp': '2025-08-27T10:55:47.964880Z'}
{'new_dimensions': '392x720', 'event': 'crop_video.cropping', 'logger': 'video_generator', 'level': 'info', 'timestamp': '2025-08-27T10:55:47.965495Z'}
{'output_path': '/tmp/tmp4vs983zn_cropped.mp4', 'event': 'crop_video.writing_output', 'logger': 'video_generator', 'level': 'info', 'timestamp': '2025-08-27T10:55:47.967795Z'}
{'path': 'results/916_cropped_20250827_105544.mp4', 'event': 'status_endpoint.saved_locally', 'logger': '__main__', 'level': 'info', 'timestamp': '2025-08-27T10:55:50.340844Z'}
127.0.0.1 - - [27/Aug/2025 10:55:50] "GET /status/af403091-ec96-4cf1-b670-4a2c6f5820e0 HTTP/1.1" 200 -
{'filename': '916_16x9_20250827_105544.mp4', 'event': 'serve_video.requested', 'logger': '__main__', 'level': 'info', 'timestamp': '2025-08-27T10:55:50.362007Z'}
127.0.0.1 - - [27/Aug/2025 10:55:50] "[35m[1mGET /videos/916_16x9_20250827_105544.mp4 HTTP/1.1[0m" 206 -
{'filename': '916_cropped_20250827_105544.mp4', 'event': 'serve_video.requested', 'logger': '__main__', 'level': 'info', 'timestamp': '2025-08-27T10:55:50.386245Z'}
127.0.0.1 - - [27/Aug/2025 10:55:50] "[35m[1mGET /videos/916_cropped_20250827_105544.mp4 HTTP/1.1[0m" 206 -
{'filename': '916_cropped_20250827_105544.mp4', 'event': 'serve_video.requested', 'logger': '__main__', 'level': 'info', 'timestamp': '2025-08-27T10:55:50.421434Z'}
{'filename': '916_16x9_20250827_105544.mp4', 'event': 'serve_video.requested', 'logger': '__main__', 'level': 'info', 'timestamp': '2025-08-27T10:55:50.425591Z'}
127.0.0.1 - - [27/Aug/2025 10:55:50] "[35m[1mGET /videos/916_cropped_20250827_105544.mp4 HTTP/1.1[0m" 206 -
127.0.0.1 - - [27/Aug/2025 10:55:50] "[35m[1mGET /videos/916_16x9_20250827_105544.mp4 HTTP/1.1[0m" 206 -
{'filename': '916_cropped_20250827_105544.mp4', 'event': 'serve_video.requested', 'logger': '__main__', 'level': 'info', 'timestamp': '2025-08-27T10:55:50.470588Z'}
127.0.0.1 - - [27/Aug/2025 10:55:50] "[35m[1mGET /videos/916_cropped_20250827_105544.mp4 HTTP/1.1[0m" 206 -
{'filename': '916_cropped_20250827_105544.mp4', 'event': 'serve_video.requested', 'logger': '__main__', 'level': 'info', 'timestamp': '2025-08-27T10:55:50.479782Z'}
127.0.0.1 - - [27/Aug/2025 10:55:50] "[35m[1mGET /videos/916_cropped_20250827_105544.mp4 HTTP/1.1[0m" 206 -
{'filename': '916_cropped_20250827_105544.mp4', 'event': 'serve_video.requested', 'logger': '__main__', 'level': 'info', 'timestamp': '2025-08-27T10:55:50.532381Z'}
127.0.0.1 - - [27/Aug/2025 10:55:50] "[35m[1mGET /videos/916_cropped_20250827_105544.mp4 HTTP/1.1[0m" 206 -
{'filename': '916_16x9_20250827_105544.mp4', 'event': 'serve_video.requested', 'logger': '__main__', 'level': 'info', 'timestamp': '2025-08-27T10:55:50.550448Z'}
127.0.0.1 - - [27/Aug/2025 10:55:50] "[35m[1mGET /videos/916_16x9_20250827_105544.mp4 HTTP/1.1[0m" 206 -
{'filename': '916_16x9_20250827_105544.mp4', 'event': 'serve_video.requested', 'logger': '__main__', 'level': 'info', 'timestamp': '2025-08-27T10:55:50.555837Z'}
127.0.0.1 - - [27/Aug/2025 10:55:50] "[35m[1mGET /videos/916_16x9_20250827_105544.mp4 HTTP/1.1[0m" 206 -
{'filename': '916_16x9_20250827_105544.mp4', 'event': 'serve_video.requested', 'logger': '__main__', 'level': 'info', 'timestamp': '2025-08-27T10:56:11.021108Z'}
127.0.0.1 - - [27/Aug/2025 10:56:11] "[35m[1mGET /videos/916_16x9_20250827_105544.mp4 HTTP/1.1[0m" 206 -
{'filename': '916_cropped_20250827_105544.mp4', 'event': 'serve_video.requested', 'logger': '__main__', 'level': 'info', 'timestamp': '2025-08-27T10:56:20.587118Z'}
127.0.0.1 - - [27/Aug/2025 10:56:20] "[35m[1mGET /videos/916_cropped_20250827_105544.mp4 HTTP/1.1[0m" 206 -
{'filename': '916_cropped_20250827_105544.mp4', 'event': 'serve_video.requested', 'logger': '__main__', 'level': 'info', 'timestamp': '2025-08-27T10:56:20.600359Z'}
127.0.0.1 - - [27/Aug/2025 10:56:20] "[35m[1mGET /videos/916_cropped_20250827_105544.mp4 HTTP/1.1[0m" 206 -
{'host': '0.0.0.0', 'port': 8080, 'event': 'application.startup', 'logger': '__main__', 'level': 'info', 'timestamp': '2025-08-27T10:57:57.440834Z'}
 * Debugger is active!
 * Debugger PIN: 485-094-488
{'event': 'index.accessed', 'logger': '__main__', 'level': 'info', 'timestamp': '2025-08-27T10:58:58.009845Z'}
127.0.0.1 - - [27/Aug/2025 10:58:58] "GET / HTTP/1.1" 200 -
{'event': 'index.accessed', 'logger': '__main__', 'level': 'info', 'timestamp': '2025-08-27T10:58:58.188386Z'}
127.0.0.1 - - [27/Aug/2025 10:58:58] "GET / HTTP/1.1" 200 -
{'event': 'generate_video.start', 'logger': '__main__', 'level': 'info', 'timestamp': '2025-08-27T10:59:07.873747Z'}
{'filename': '34', 'size': 309588, 'event': 'generate_video.file_read', 'logger': '__main__', 'level': 'info', 'timestamp': '2025-08-27T10:59:07.877097Z'}
{'task_id': 'cbc1d9c5-4fb1-455d-be36-64c57d71b414', 'event': 'generate_video.task_created', 'logger': '__main__', 'level': 'info', 'timestamp': '2025-08-27T10:59:07.877490Z'}
{'task_id': 'cbc1d9c5-4fb1-455d-be36-64c57d71b414', 'event': 'generate_video.image_prepared', 'logger': '__main__', 'level': 'info', 'timestamp': '2025-08-27T10:59:08.126024Z'}
{'project_id': 'veo-testing', 'location': 'us-central1', 'event': 'start_video_generation_job.start', 'logger': 'video_generator', 'level': 'info', 'timestamp': '2025-08-27T10:59:08.126427Z'}
{'model_id': 'veo-3.0-fast-generate-001', 'job_id': '1d07598e-3ccb-4d77-90f6-209c1eceda51', 'output_uri': 'gs://tonytestveo/1d07598e-3ccb-4d77-90f6-209c1eceda51/', 'event': 'start_video_generation_job.details', 'logger': 'video_generator', 'level': 'info', 'timestamp': '2025-08-27T10:59:09.117701Z'}
{'operation_name': 'projects/veo-testing/locations/us-central1/publishers/google/models/veo-3.0-fast-generate-001/operations/cd8ea668-a54d-44c2-9b3c-70767e8304ec', 'event': 'start_video_generation_job.success', 'logger': 'video_generator', 'level': 'info', 'timestamp': '2025-08-27T10:59:10.439450Z'}
{'task_id': 'cbc1d9c5-4fb1-455d-be36-64c57d71b414', 'operation_name': 'projects/veo-testing/locations/us-central1/publishers/google/models/veo-3.0-fast-generate-001/operations/cd8ea668-a54d-44c2-9b3c-70767e8304ec', 'event': 'generate_video.job_started', 'logger': '__main__', 'level': 'info', 'timestamp': '2025-08-27T10:59:10.442639Z'}
127.0.0.1 - - [27/Aug/2025 10:59:10] "[32mPOST /generate-video HTTP/1.1[0m" 302 -
{'task_id': 'cbc1d9c5-4fb1-455d-be36-64c57d71b414', 'event': 'video_result.accessed', 'logger': '__main__', 'level': 'info', 'timestamp': '2025-08-27T10:59:10.448434Z'}
127.0.0.1 - - [27/Aug/2025 10:59:10] "GET /video-result/cbc1d9c5-4fb1-455d-be36-64c57d71b414 HTTP/1.1" 200 -
{'operation_name': 'projects/veo-testing/locations/us-central1/publishers/google/models/veo-3.0-fast-generate-001/operations/cd8ea668-a54d-44c2-9b3c-70767e8304ec', 'event': 'poll_operation.start', 'logger': 'video_generator', 'level': 'info', 'timestamp': '2025-08-27T10:59:11.578134Z'}
{'operation_name': 'projects/veo-testing/locations/us-central1/publishers/google/models/veo-3.0-fast-generate-001/operations/cd8ea668-a54d-44c2-9b3c-70767e8304ec', 'wait_seconds': 20, 'event': 'poll_operation.in_progress', 'logger': 'video_generator', 'level': 'info', 'timestamp': '2025-08-27T10:59:12.420755Z'}
{'operation_name': 'projects/veo-testing/locations/us-central1/publishers/google/models/veo-3.0-fast-generate-001/operations/cd8ea668-a54d-44c2-9b3c-70767e8304ec', 'wait_seconds': 20, 'event': 'poll_operation.in_progress', 'logger': 'video_generator', 'level': 'info', 'timestamp': '2025-08-27T10:59:33.256766Z'}
{'operation_name': 'projects/veo-testing/locations/us-central1/publishers/google/models/veo-3.0-fast-generate-001/operations/cd8ea668-a54d-44c2-9b3c-70767e8304ec', 'wait_seconds': 20, 'event': 'poll_operation.in_progress', 'logger': 'video_generator', 'level': 'info', 'timestamp': '2025-08-27T10:59:54.130126Z'}
{'operation_name': 'projects/veo-testing/locations/us-central1/publishers/google/models/veo-3.0-fast-generate-001/operations/cd8ea668-a54d-44c2-9b3c-70767e8304ec', 'event': 'poll_operation.finished', 'logger': 'video_generator', 'level': 'info', 'timestamp': '2025-08-27T11:00:15.008409Z'}
{'task_id': 'cbc1d9c5-4fb1-455d-be36-64c57d71b414', 'gcs_uri': 'gs://tonytestveo/1d07598e-3ccb-4d77-90f6-209c1eceda51/3542764664190186930/sample_0.mp4', 'event': 'status_endpoint.veo_complete', 'logger': '__main__', 'level': 'info', 'timestamp': '2025-08-27T11:00:15.011563Z'}
{'gcs_uri': 'gs://tonytestveo/1d07598e-3ccb-4d77-90f6-209c1eceda51/3542764664190186930/sample_0.mp4', 'destination': 'results/34_16x9_20250827_110015.mp4', 'event': 'download_from_gcs.start', 'logger': 'video_generator', 'level': 'info', 'timestamp': '2025-08-27T11:00:15.012587Z'}
{'local_path': 'results/34_16x9_20250827_110015.mp4', 'event': 'download_from_gcs.success', 'logger': 'video_generator', 'level': 'info', 'timestamp': '2025-08-27T11:00:18.084258Z'}
{'path': 'results/34_16x9_20250827_110015.mp4', 'event': 'get_video_info.start', 'logger': 'video_generator', 'level': 'info', 'timestamp': '2025-08-27T11:00:18.084653Z'}
{'info': {'size_mb': '1.50 MB', 'width': 1280, 'height': 720, 'dimensions': '1280x720', 'aspect_ratio': '1.78:1', 'codec': 'H.264 (libx264)'}, 'event': 'get_video_info.success', 'logger': 'video_generator', 'level': 'info', 'timestamp': '2025-08-27T11:00:18.138863Z'}
{'local_path': 'results/34_16x9_20250827_110015.mp4', 'target_aspect_ratio': 0.7, 'event': 'crop_video.start', 'logger': 'video_generator', 'level': 'info', 'timestamp': '2025-08-27T11:00:18.151038Z'}
{'dimensions': '1280x720', 'event': 'crop_video.video_loaded', 'logger': 'video_generator', 'level': 'info', 'timestamp': '2025-08-27T11:00:18.203064Z'}
{'new_dimensions': '503x720', 'event': 'crop_video.cropping', 'logger': 'video_generator', 'level': 'info', 'timestamp': '2025-08-27T11:00:18.203408Z'}
{'output_path': '/tmp/tmpqfz9yh97_cropped.mp4', 'event': 'crop_video.writing_output', 'logger': 'video_generator', 'level': 'info', 'timestamp': '2025-08-27T11:00:18.204589Z'}
{'task_id': 'cbc1d9c5-4fb1-455d-be36-64c57d71b414', 'local_path': '/tmp/tmpqfz9yh97_cropped.mp4', 'event': 'status_endpoint.crop_complete', 'logger': '__main__', 'level': 'info', 'timestamp': '2025-08-27T11:00:20.808487Z'}
{'path': 'results/34_cropped_20250827_110015.mp4', 'event': 'status_endpoint.saved_locally', 'logger': '__main__', 'level': 'info', 'timestamp': '2025-08-27T11:00:20.810393Z'}
{'path': 'results/34_cropped_20250827_110015.mp4', 'event': 'get_video_info.start', 'logger': 'video_generator', 'level': 'info', 'timestamp': '2025-08-27T11:00:20.810702Z'}
{'info': {'size_mb': '0.38 MB', 'width': 503, 'height': 720, 'dimensions': '503x720', 'aspect_ratio': '0.70:1', 'codec': 'H.264 (libx264)'}, 'event': 'get_video_info.success', 'logger': 'video_generator', 'level': 'info', 'timestamp': '2025-08-27T11:00:20.853839Z'}
127.0.0.1 - - [27/Aug/2025 11:00:20] "GET /status/cbc1d9c5-4fb1-455d-be36-64c57d71b414 HTTP/1.1" 200 -
{'filename': '34_16x9_20250827_110015.mp4', 'event': 'serve_video.requested', 'logger': '__main__', 'level': 'info', 'timestamp': '2025-08-27T11:00:20.882436Z'}
{'filename': '34_cropped_20250827_110015.mp4', 'event': 'serve_video.requested', 'logger': '__main__', 'level': 'info', 'timestamp': '2025-08-27T11:00:20.883415Z'}
127.0.0.1 - - [27/Aug/2025 11:00:20] "[35m[1mGET /videos/34_cropped_20250827_110015.mp4 HTTP/1.1[0m" 206 -
127.0.0.1 - - [27/Aug/2025 11:00:20] "[35m[1mGET /videos/34_16x9_20250827_110015.mp4 HTTP/1.1[0m" 206 -
{'filename': '34_cropped_20250827_110015.mp4', 'event': 'serve_video.requested', 'logger': '__main__', 'level': 'info', 'timestamp': '2025-08-27T11:00:20.920125Z'}
127.0.0.1 - - [27/Aug/2025 11:00:20] "[35m[1mGET /videos/34_cropped_20250827_110015.mp4 HTTP/1.1[0m" 206 -
{'filename': '34_16x9_20250827_110015.mp4', 'event': 'serve_video.requested', 'logger': '__main__', 'level': 'info', 'timestamp': '2025-08-27T11:00:20.922638Z'}
127.0.0.1 - - [27/Aug/2025 11:00:20] "[35m[1mGET /videos/34_16x9_20250827_110015.mp4 HTTP/1.1[0m" 206 -
{'filename': '34_cropped_20250827_110015.mp4', 'event': 'serve_video.requested', 'logger': '__main__', 'level': 'info', 'timestamp': '2025-08-27T11:00:20.957572Z'}
127.0.0.1 - - [27/Aug/2025 11:00:20] "[35m[1mGET /videos/34_cropped_20250827_110015.mp4 HTTP/1.1[0m" 206 -
{'filename': '34_cropped_20250827_110015.mp4', 'event': 'serve_video.requested', 'logger': '__main__', 'level': 'info', 'timestamp': '2025-08-27T11:00:20.959847Z'}
127.0.0.1 - - [27/Aug/2025 11:00:20] "[35m[1mGET /videos/34_cropped_20250827_110015.mp4 HTTP/1.1[0m" 206 -
{'filename': '34_16x9_20250827_110015.mp4', 'event': 'serve_video.requested', 'logger': '__main__', 'level': 'info', 'timestamp': '2025-08-27T11:00:21.015974Z'}
127.0.0.1 - - [27/Aug/2025 11:00:21] "[35m[1mGET /videos/34_16x9_20250827_110015.mp4 HTTP/1.1[0m" 206 -
{'filename': '34_16x9_20250827_110015.mp4', 'event': 'serve_video.requested', 'logger': '__main__', 'level': 'info', 'timestamp': '2025-08-27T11:00:21.021173Z'}
127.0.0.1 - - [27/Aug/2025 11:00:21] "[35m[1mGET /videos/34_16x9_20250827_110015.mp4 HTTP/1.1[0m" 206 -
{'filename': '34_16x9_20250827_110015.mp4', 'event': 'serve_video.requested', 'logger': '__main__', 'level': 'info', 'timestamp': '2025-08-27T11:00:28.258929Z'}
127.0.0.1 - - [27/Aug/2025 11:00:28] "[35m[1mGET /videos/34_16x9_20250827_110015.mp4 HTTP/1.1[0m" 206 -
{'host': '0.0.0.0', 'port': 8080, 'event': 'application.startup', 'logger': '__main__', 'level': 'info', 'timestamp': '2025-08-27T11:59:03.221731Z'}
 * Debugger is active!
 * Debugger PIN: 485-094-488
